mode: atomic
github.com/autom8ter/gokvkit/kv/kvutil/util.go:4.39,8.39 4 1
github.com/autom8ter/gokvkit/kv/kvutil/util.go:14.2,14.13 1 1
github.com/autom8ter/gokvkit/kv/kvutil/util.go:17.2,17.12 1 1
github.com/autom8ter/gokvkit/kv/kvutil/util.go:8.39,10.18 2 1
github.com/autom8ter/gokvkit/kv/kvutil/util.go:10.18,11.9 1 1
github.com/autom8ter/gokvkit/kv/kvutil/util.go:14.13,16.3 1 0
github.com/autom8ter/gokvkit/errors/errors.go:28.32,31.2 2 4
github.com/autom8ter/gokvkit/errors/errors.go:34.38,39.2 1 2
github.com/autom8ter/gokvkit/errors/errors.go:42.32,43.16 1 5
github.com/autom8ter/gokvkit/errors/errors.go:46.2,47.9 2 5
github.com/autom8ter/gokvkit/errors/errors.go:54.2,54.10 1 5
github.com/autom8ter/gokvkit/errors/errors.go:43.16,45.3 1 0
github.com/autom8ter/gokvkit/errors/errors.go:47.9,53.3 1 0
github.com/autom8ter/gokvkit/errors/errors.go:58.52,62.15 2 4
github.com/autom8ter/gokvkit/errors/errors.go:65.2,65.10 1 4
github.com/autom8ter/gokvkit/errors/errors.go:62.15,64.3 1 4
github.com/autom8ter/gokvkit/errors/errors.go:69.64,70.16 1 5
github.com/autom8ter/gokvkit/errors/errors.go:73.2,74.8 2 4
github.com/autom8ter/gokvkit/errors/errors.go:70.16,72.3 1 1
github.com/autom8ter/gokvkit/errors/errors.go:74.8,75.16 1 3
github.com/autom8ter/gokvkit/errors/errors.go:78.3,78.18 1 3
github.com/autom8ter/gokvkit/errors/errors.go:81.3,81.15 1 3
github.com/autom8ter/gokvkit/errors/errors.go:84.3,84.11 1 3
github.com/autom8ter/gokvkit/errors/errors.go:75.16,77.4 1 0
github.com/autom8ter/gokvkit/errors/errors.go:78.18,80.4 1 3
github.com/autom8ter/gokvkit/errors/errors.go:81.15,83.4 1 3
github.com/autom8ter/gokvkit/errors/errors.go:85.8,90.16 2 1
github.com/autom8ter/gokvkit/errors/errors.go:93.3,93.11 1 1
github.com/autom8ter/gokvkit/errors/errors.go:90.16,92.4 1 0
github.com/autom8ter/gokvkit/util/util.go:18.36,20.2 1 2
github.com/autom8ter/gokvkit/util/util.go:23.42,31.16 3 1
github.com/autom8ter/gokvkit/util/util.go:34.2,34.30 1 1
github.com/autom8ter/gokvkit/util/util.go:31.16,33.3 1 0
github.com/autom8ter/gokvkit/util/util.go:38.35,41.2 2 4
github.com/autom8ter/gokvkit/util/util.go:43.41,44.18 1 14
github.com/autom8ter/gokvkit/util/util.go:47.2,47.31 1 12
github.com/autom8ter/gokvkit/util/util.go:44.18,46.3 1 2
github.com/autom8ter/gokvkit/util/util.go:48.12,49.48 1 2
github.com/autom8ter/gokvkit/util/util.go:50.14,51.23 1 6
github.com/autom8ter/gokvkit/util/util.go:52.67,55.13 3 2
github.com/autom8ter/gokvkit/util/util.go:56.17,57.44 1 0
github.com/autom8ter/gokvkit/util/util.go:58.21,59.38 1 0
github.com/autom8ter/gokvkit/util/util.go:60.10,61.45 1 2
github.com/autom8ter/gokvkit/util/util.go:65.71,67.22 2 4
github.com/autom8ter/gokvkit/util/util.go:75.2,75.12 1 4
github.com/autom8ter/gokvkit/util/util.go:67.22,68.25 1 17
github.com/autom8ter/gokvkit/util/util.go:69.36,70.39 1 3
github.com/autom8ter/gokvkit/util/util.go:71.11,72.26 1 14
github.com/autom8ter/gokvkit/util/util.go:78.53,79.33 1 1
github.com/autom8ter/gokvkit/util/util.go:82.2,83.59 2 1
github.com/autom8ter/gokvkit/util/util.go:86.2,87.16 2 1
github.com/autom8ter/gokvkit/util/util.go:90.2,90.25 1 1
github.com/autom8ter/gokvkit/util/util.go:79.33,81.3 1 0
github.com/autom8ter/gokvkit/util/util.go:83.59,85.3 1 0
github.com/autom8ter/gokvkit/util/util.go:87.16,89.3 1 0
github.com/autom8ter/gokvkit/util/util.go:93.53,95.59 2 1
github.com/autom8ter/gokvkit/util/util.go:98.2,99.16 2 1
github.com/autom8ter/gokvkit/util/util.go:102.2,102.25 1 1
github.com/autom8ter/gokvkit/util/util.go:95.59,97.3 1 0
github.com/autom8ter/gokvkit/util/util.go:99.16,101.3 1 0
github.com/autom8ter/gokvkit/util/util.go:105.30,108.2 2 1
github.com/autom8ter/gokvkit/util/util.go:110.55,112.2 1 1
github.com/autom8ter/gokvkit/kv/badger/batch.go:13.71,18.14 2 20
github.com/autom8ter/gokvkit/kv/badger/batch.go:21.2,21.28 1 20
github.com/autom8ter/gokvkit/kv/badger/batch.go:18.14,20.3 1 0
github.com/autom8ter/gokvkit/kv/badger/batch.go:24.48,26.2 1 10
github.com/autom8ter/gokvkit/kv/badger/batch.go:28.37,30.2 1 3
github.com/autom8ter/gokvkit/kv/badger/item.go:8.28,10.2 1 10
github.com/autom8ter/gokvkit/kv/badger/item.go:12.39,14.2 1 10
github.com/autom8ter/gokvkit/kv/badger/iter.go:13.43,15.2 1 0
github.com/autom8ter/gokvkit/kv/badger/iter.go:17.34,19.2 1 1
github.com/autom8ter/gokvkit/kv/badger/iter.go:21.39,22.26 1 11
github.com/autom8ter/gokvkit/kv/badger/iter.go:25.2,25.23 1 11
github.com/autom8ter/gokvkit/kv/badger/iter.go:22.26,24.3 1 0
github.com/autom8ter/gokvkit/kv/badger/iter.go:28.41,31.33 1 10
github.com/autom8ter/gokvkit/kv/badger/iter.go:31.33,33.4 1 10
github.com/autom8ter/gokvkit/kv/badger/iter.go:37.33,39.2 1 10
github.com/autom8ter/gokvkit/kv/badger/locker.go:28.47,30.44 2 0
github.com/autom8ter/gokvkit/kv/badger/locker.go:47.2,47.22 1 0
github.com/autom8ter/gokvkit/kv/badger/locker.go:30.44,32.17 2 0
github.com/autom8ter/gokvkit/kv/badger/locker.go:39.3,41.79 3 0
github.com/autom8ter/gokvkit/kv/badger/locker.go:45.3,45.13 1 0
github.com/autom8ter/gokvkit/kv/badger/locker.go:32.17,33.36 1 0
github.com/autom8ter/gokvkit/kv/badger/locker.go:36.4,37.14 2 0
github.com/autom8ter/gokvkit/kv/badger/locker.go:33.36,35.5 1 0
github.com/autom8ter/gokvkit/kv/badger/locker.go:41.79,44.4 2 0
github.com/autom8ter/gokvkit/kv/badger/locker.go:50.46,53.44 3 4
github.com/autom8ter/gokvkit/kv/badger/locker.go:76.2,76.27 1 4
github.com/autom8ter/gokvkit/kv/badger/locker.go:79.2,79.21 1 4
github.com/autom8ter/gokvkit/kv/badger/locker.go:53.44,55.17 2 4
github.com/autom8ter/gokvkit/kv/badger/locker.go:65.3,67.79 3 4
github.com/autom8ter/gokvkit/kv/badger/locker.go:74.3,74.13 1 2
github.com/autom8ter/gokvkit/kv/badger/locker.go:55.17,56.36 1 0
github.com/autom8ter/gokvkit/kv/badger/locker.go:59.4,59.40 1 0
github.com/autom8ter/gokvkit/kv/badger/locker.go:62.4,63.14 2 0
github.com/autom8ter/gokvkit/kv/badger/locker.go:56.36,58.5 1 0
github.com/autom8ter/gokvkit/kv/badger/locker.go:59.40,61.5 1 0
github.com/autom8ter/gokvkit/kv/badger/locker.go:67.79,68.40 1 2
github.com/autom8ter/gokvkit/kv/badger/locker.go:71.4,72.14 2 2
github.com/autom8ter/gokvkit/kv/badger/locker.go:68.40,70.5 1 0
github.com/autom8ter/gokvkit/kv/badger/locker.go:76.27,78.3 1 2
github.com/autom8ter/gokvkit/kv/badger/locker.go:82.31,85.2 2 1
github.com/autom8ter/gokvkit/kv/badger/locker.go:87.46,100.16 3 5
github.com/autom8ter/gokvkit/kv/badger/locker.go:103.2,103.12 1 5
github.com/autom8ter/gokvkit/kv/badger/locker.go:100.16,102.3 1 0
github.com/autom8ter/gokvkit/kv/badger/locker.go:106.46,108.2 1 1
github.com/autom8ter/gokvkit/kv/badger/locker.go:110.59,112.16 2 4
github.com/autom8ter/gokvkit/kv/badger/locker.go:115.2,116.48 2 4
github.com/autom8ter/gokvkit/kv/badger/locker.go:119.2,119.16 1 4
github.com/autom8ter/gokvkit/kv/badger/locker.go:112.16,114.3 1 0
github.com/autom8ter/gokvkit/kv/badger/locker.go:116.48,118.3 1 0
github.com/autom8ter/gokvkit/kv/badger/locker.go:122.40,125.6 3 2
github.com/autom8ter/gokvkit/kv/badger/locker.go:125.6,126.10 1 5
github.com/autom8ter/gokvkit/kv/badger/locker.go:127.19,129.46 1 3
github.com/autom8ter/gokvkit/kv/badger/locker.go:139.4,139.18 1 3
github.com/autom8ter/gokvkit/kv/badger/locker.go:142.19,143.46 1 1
github.com/autom8ter/gokvkit/kv/badger/locker.go:153.4,154.14 2 1
github.com/autom8ter/gokvkit/kv/badger/locker.go:129.46,131.19 2 3
github.com/autom8ter/gokvkit/kv/badger/locker.go:134.5,134.23 1 3
github.com/autom8ter/gokvkit/kv/badger/locker.go:137.5,137.15 1 0
github.com/autom8ter/gokvkit/kv/badger/locker.go:131.19,133.6 1 0
github.com/autom8ter/gokvkit/kv/badger/locker.go:134.23,136.6 1 3
github.com/autom8ter/gokvkit/kv/badger/locker.go:139.18,141.5 1 0
github.com/autom8ter/gokvkit/kv/badger/locker.go:143.46,145.19 2 1
github.com/autom8ter/gokvkit/kv/badger/locker.go:148.5,148.23 1 1
github.com/autom8ter/gokvkit/kv/badger/locker.go:151.5,151.15 1 0
github.com/autom8ter/gokvkit/kv/badger/locker.go:145.19,147.6 1 0
github.com/autom8ter/gokvkit/kv/badger/locker.go:148.23,150.6 1 1
github.com/autom8ter/gokvkit/kv/badger/tx.go:16.63,23.23 7 1
github.com/autom8ter/gokvkit/kv/badger/tx.go:26.2,27.49 2 1
github.com/autom8ter/gokvkit/kv/badger/tx.go:23.23,25.3 1 1
github.com/autom8ter/gokvkit/kv/badger/tx.go:30.52,31.44 1 68
github.com/autom8ter/gokvkit/kv/badger/tx.go:37.2,38.16 2 68
github.com/autom8ter/gokvkit/kv/badger/tx.go:44.2,45.17 2 36
github.com/autom8ter/gokvkit/kv/badger/tx.go:31.44,33.9 2 0
github.com/autom8ter/gokvkit/kv/badger/tx.go:33.9,35.4 1 0
github.com/autom8ter/gokvkit/kv/badger/tx.go:38.16,39.35 1 32
github.com/autom8ter/gokvkit/kv/badger/tx.go:42.3,42.18 1 0
github.com/autom8ter/gokvkit/kv/badger/tx.go:39.35,41.4 1 32
github.com/autom8ter/gokvkit/kv/badger/tx.go:48.68,53.14 2 25
github.com/autom8ter/gokvkit/kv/badger/tx.go:56.2,56.42 1 25
github.com/autom8ter/gokvkit/kv/badger/tx.go:59.2,59.14 1 25
github.com/autom8ter/gokvkit/kv/badger/tx.go:64.2,64.12 1 25
github.com/autom8ter/gokvkit/kv/badger/tx.go:53.14,55.3 1 10
github.com/autom8ter/gokvkit/kv/badger/tx.go:56.42,58.3 1 0
github.com/autom8ter/gokvkit/kv/badger/tx.go:59.14,60.45 1 15
github.com/autom8ter/gokvkit/kv/badger/tx.go:60.45,62.4 1 0
github.com/autom8ter/gokvkit/kv/badger/tx.go:67.45,68.44 1 11
github.com/autom8ter/gokvkit/kv/badger/tx.go:71.2,71.26 1 11
github.com/autom8ter/gokvkit/kv/badger/tx.go:68.44,70.3 1 0
github.com/autom8ter/gokvkit/kv/badger/tx.go:74.31,76.2 1 0
github.com/autom8ter/gokvkit/kv/badger/tx.go:78.35,80.2 1 0
github.com/autom8ter/gokvkit/kv/badger/tx.go:82.28,84.2 1 0
github.com/autom8ter/gokvkit/kv/badger/badger.go:15.13,16.81 1 1
github.com/autom8ter/gokvkit/kv/badger/badger.go:16.81,18.3 1 0
github.com/autom8ter/gokvkit/kv/badger/badger.go:26.46,28.23 2 1
github.com/autom8ter/gokvkit/kv/badger/badger.go:33.2,35.16 3 1
github.com/autom8ter/gokvkit/kv/badger/badger.go:38.2,43.16 2 1
github.com/autom8ter/gokvkit/kv/badger/badger.go:46.2,49.8 1 1
github.com/autom8ter/gokvkit/kv/badger/badger.go:28.23,32.3 3 1
github.com/autom8ter/gokvkit/kv/badger/badger.go:35.16,37.3 1 0
github.com/autom8ter/gokvkit/kv/badger/badger.go:43.16,45.3 1 0
github.com/autom8ter/gokvkit/kv/badger/badger.go:52.66,53.14 1 15
github.com/autom8ter/gokvkit/kv/badger/badger.go:58.2,58.47 1 4
github.com/autom8ter/gokvkit/kv/badger/badger.go:53.14,54.50 1 11
github.com/autom8ter/gokvkit/kv/badger/badger.go:54.50,56.4 1 11
github.com/autom8ter/gokvkit/kv/badger/badger.go:58.47,60.3 1 4
github.com/autom8ter/gokvkit/kv/badger/badger.go:63.47,65.2 1 0
github.com/autom8ter/gokvkit/kv/badger/badger.go:67.40,69.2 1 3
github.com/autom8ter/gokvkit/kv/badger/badger.go:71.34,72.36 1 0
github.com/autom8ter/gokvkit/kv/badger/badger.go:75.2,76.21 2 0
github.com/autom8ter/gokvkit/kv/badger/badger.go:72.36,74.3 1 0
github.com/autom8ter/gokvkit/kv/badger/badger.go:79.55,80.27 1 0
github.com/autom8ter/gokvkit/kv/badger/badger.go:86.2,86.35 1 0
github.com/autom8ter/gokvkit/kv/badger/badger.go:80.27,81.43 1 0
github.com/autom8ter/gokvkit/kv/badger/badger.go:81.43,83.9 2 0
github.com/autom8ter/gokvkit/kv/badger/badger.go:89.81,98.2 1 2
github.com/autom8ter/gokvkit/opts.go:7.49,8.28 1 0
github.com/autom8ter/gokvkit/opts.go:8.28,10.3 1 0
github.com/autom8ter/gokvkit/opts.go:14.40,15.28 1 0
github.com/autom8ter/gokvkit/opts.go:15.28,17.3 1 0
github.com/autom8ter/gokvkit/opts.go:21.47,22.28 1 0
github.com/autom8ter/gokvkit/opts.go:22.28,24.3 1 0
github.com/autom8ter/gokvkit/opts.go:28.53,29.28 1 0
github.com/autom8ter/gokvkit/opts.go:29.28,31.3 1 0
github.com/autom8ter/gokvkit/opts.go:35.39,36.28 1 0
github.com/autom8ter/gokvkit/opts.go:36.28,38.3 1 0
github.com/autom8ter/gokvkit/opts.go:42.44,43.28 1 0
github.com/autom8ter/gokvkit/opts.go:43.28,45.3 1 0
github.com/autom8ter/gokvkit/test_util.go:12.29,28.16 2 106
github.com/autom8ter/gokvkit/test_util.go:31.2,31.12 1 106
github.com/autom8ter/gokvkit/test_util.go:28.16,29.13 1 0
github.com/autom8ter/gokvkit/util.go:24.70,30.30 2 100
github.com/autom8ter/gokvkit/util.go:36.2,36.33 1 100
github.com/autom8ter/gokvkit/util.go:45.2,49.8 1 100
github.com/autom8ter/gokvkit/util.go:30.30,31.39 1 300
github.com/autom8ter/gokvkit/util.go:31.39,33.4 1 0
github.com/autom8ter/gokvkit/util.go:36.33,37.40 1 300
github.com/autom8ter/gokvkit/util.go:37.40,39.4 1 0
github.com/autom8ter/gokvkit/util.go:39.9,40.58 1 300
github.com/autom8ter/gokvkit/util.go:40.58,42.5 1 0
github.com/autom8ter/gokvkit/util.go:52.63,53.20 1 1
github.com/autom8ter/gokvkit/util.go:56.2,56.14 1 0
github.com/autom8ter/gokvkit/util.go:53.20,55.3 1 1
github.com/autom8ter/gokvkit/util.go:59.54,62.36 3 697
github.com/autom8ter/gokvkit/util.go:63.17,64.43 1 0
github.com/autom8ter/gokvkit/util.go:65.12,66.40 1 1
github.com/autom8ter/gokvkit/util.go:67.15,68.41 1 662
github.com/autom8ter/gokvkit/util.go:69.14,70.40 1 33
github.com/autom8ter/gokvkit/util.go:71.10,72.65 1 1
github.com/autom8ter/gokvkit/util.go:76.61,77.24 1 927
github.com/autom8ter/gokvkit/util.go:80.2,82.47 2 3
github.com/autom8ter/gokvkit/util.go:136.2,136.10 1 3
github.com/autom8ter/gokvkit/util.go:77.24,79.3 1 924
github.com/autom8ter/gokvkit/util.go:82.47,83.37 1 1
github.com/autom8ter/gokvkit/util.go:83.37,85.58 2 668
github.com/autom8ter/gokvkit/util.go:88.4,88.30 1 410
github.com/autom8ter/gokvkit/util.go:106.4,106.16 1 8
github.com/autom8ter/gokvkit/util.go:85.58,87.5 1 258
github.com/autom8ter/gokvkit/util.go:88.30,90.55 2 410
github.com/autom8ter/gokvkit/util.go:93.5,93.55 1 8
github.com/autom8ter/gokvkit/util.go:104.5,104.12 1 8
github.com/autom8ter/gokvkit/util.go:90.55,92.6 1 402
github.com/autom8ter/gokvkit/util.go:93.55,94.49 1 0
github.com/autom8ter/gokvkit/util.go:94.49,95.61 1 0
github.com/autom8ter/gokvkit/util.go:95.61,97.8 1 0
github.com/autom8ter/gokvkit/util.go:98.12,99.61 1 0
github.com/autom8ter/gokvkit/util.go:99.61,101.8 1 0
github.com/autom8ter/gokvkit/util.go:108.8,109.37 1 2
github.com/autom8ter/gokvkit/util.go:109.37,111.58 2 32
github.com/autom8ter/gokvkit/util.go:114.4,114.30 1 1
github.com/autom8ter/gokvkit/util.go:132.4,132.16 1 1
github.com/autom8ter/gokvkit/util.go:111.58,113.5 1 31
github.com/autom8ter/gokvkit/util.go:114.30,116.55 2 0
github.com/autom8ter/gokvkit/util.go:119.5,119.55 1 0
github.com/autom8ter/gokvkit/util.go:130.5,130.12 1 0
github.com/autom8ter/gokvkit/util.go:116.55,118.6 1 0
github.com/autom8ter/gokvkit/util.go:119.55,120.49 1 0
github.com/autom8ter/gokvkit/util.go:120.49,121.61 1 0
github.com/autom8ter/gokvkit/util.go:121.61,123.8 1 0
github.com/autom8ter/gokvkit/util.go:124.12,125.61 1 0
github.com/autom8ter/gokvkit/util.go:125.61,127.8 1 0
github.com/autom8ter/gokvkit/util.go:139.77,141.30 2 1
github.com/autom8ter/gokvkit/util.go:149.2,149.16 1 1
github.com/autom8ter/gokvkit/util.go:141.30,143.28 2 10
github.com/autom8ter/gokvkit/util.go:146.3,147.45 2 10
github.com/autom8ter/gokvkit/util.go:143.28,145.4 1 10
github.com/autom8ter/gokvkit/util.go:152.70,156.73 2 10
github.com/autom8ter/gokvkit/util.go:159.2,159.76 1 10
github.com/autom8ter/gokvkit/util.go:162.2,162.25 1 10
github.com/autom8ter/gokvkit/util.go:180.2,180.24 1 10
github.com/autom8ter/gokvkit/util.go:156.73,158.3 1 19
github.com/autom8ter/gokvkit/util.go:159.76,161.3 1 19
github.com/autom8ter/gokvkit/util.go:162.25,163.47 1 15
github.com/autom8ter/gokvkit/util.go:171.3,171.34 1 15
github.com/autom8ter/gokvkit/util.go:163.47,165.39 2 10
github.com/autom8ter/gokvkit/util.go:165.39,166.70 1 9
github.com/autom8ter/gokvkit/util.go:166.70,168.6 1 0
github.com/autom8ter/gokvkit/util.go:171.34,172.20 1 15
github.com/autom8ter/gokvkit/util.go:175.4,175.65 1 15
github.com/autom8ter/gokvkit/util.go:172.20,174.5 1 0
github.com/autom8ter/gokvkit/util.go:175.65,177.5 1 0
github.com/autom8ter/gokvkit/util.go:183.73,185.20 2 9
github.com/autom8ter/gokvkit/util.go:194.2,194.12 1 9
github.com/autom8ter/gokvkit/util.go:185.20,186.60 1 9
github.com/autom8ter/gokvkit/util.go:186.60,188.4 1 0
github.com/autom8ter/gokvkit/util.go:189.8,190.57 1 0
github.com/autom8ter/gokvkit/util.go:190.57,192.4 1 0
github.com/autom8ter/gokvkit/util.go:197.68,199.23 2 15
github.com/autom8ter/gokvkit/util.go:215.2,215.56 1 15
github.com/autom8ter/gokvkit/util.go:218.2,218.12 1 15
github.com/autom8ter/gokvkit/util.go:200.28,201.12 1 0
github.com/autom8ter/gokvkit/util.go:202.26,203.57 1 0
github.com/autom8ter/gokvkit/util.go:206.26,207.57 1 0
github.com/autom8ter/gokvkit/util.go:210.26,211.38 1 15
github.com/autom8ter/gokvkit/util.go:212.10,213.106 1 0
github.com/autom8ter/gokvkit/util.go:203.57,205.4 1 0
github.com/autom8ter/gokvkit/util.go:207.57,209.4 1 0
github.com/autom8ter/gokvkit/util.go:215.56,217.3 1 0
github.com/autom8ter/gokvkit/util.go:221.57,222.48 1 175
github.com/autom8ter/gokvkit/util.go:225.2,229.27 3 175
github.com/autom8ter/gokvkit/util.go:241.2,242.16 2 175
github.com/autom8ter/gokvkit/util.go:245.2,246.12 2 175
github.com/autom8ter/gokvkit/util.go:222.48,224.3 1 0
github.com/autom8ter/gokvkit/util.go:229.27,230.17 1 381
github.com/autom8ter/gokvkit/util.go:235.3,235.17 1 381
github.com/autom8ter/gokvkit/util.go:230.17,231.25 1 74
github.com/autom8ter/gokvkit/util.go:231.25,233.5 1 0
github.com/autom8ter/gokvkit/util.go:235.17,237.4 1 74
github.com/autom8ter/gokvkit/util.go:237.9,239.4 1 307
github.com/autom8ter/gokvkit/util.go:242.16,244.3 1 0
github.com/autom8ter/gokvkit/util.go:249.73,252.2 2 37989
github.com/autom8ter/gokvkit/util.go:254.57,257.2 2 404
github.com/autom8ter/gokvkit/util.go:259.80,261.2 1 1
github.com/autom8ter/gokvkit/util.go:263.58,265.9 2 37690
github.com/autom8ter/gokvkit/util.go:268.2,268.10 1 1
github.com/autom8ter/gokvkit/util.go:265.9,267.3 1 37689
github.com/autom8ter/gokvkit/db_util.go:12.92,16.16 4 100
github.com/autom8ter/gokvkit/db_util.go:19.2,19.14 1 100
github.com/autom8ter/gokvkit/db_util.go:22.2,22.25 1 100
github.com/autom8ter/gokvkit/db_util.go:16.16,18.3 1 0
github.com/autom8ter/gokvkit/db_util.go:19.14,21.3 1 0
github.com/autom8ter/gokvkit/db_util.go:48.64,52.2 3 8005
github.com/autom8ter/gokvkit/db_util.go:54.89,55.22 1 0
github.com/autom8ter/gokvkit/db_util.go:58.2,59.63 2 0
github.com/autom8ter/gokvkit/db_util.go:62.2,65.20 4 0
github.com/autom8ter/gokvkit/db_util.go:81.2,81.12 1 0
github.com/autom8ter/gokvkit/db_util.go:55.22,57.3 1 0
github.com/autom8ter/gokvkit/db_util.go:59.63,61.3 1 0
github.com/autom8ter/gokvkit/db_util.go:65.20,66.68 1 0
github.com/autom8ter/gokvkit/db_util.go:66.68,67.106 1 0
github.com/autom8ter/gokvkit/db_util.go:73.4,73.18 1 0
github.com/autom8ter/gokvkit/db_util.go:76.4,76.14 1 0
github.com/autom8ter/gokvkit/db_util.go:67.106,68.72 1 0
github.com/autom8ter/gokvkit/db_util.go:71.5,71.21 1 0
github.com/autom8ter/gokvkit/db_util.go:68.72,70.6 1 0
github.com/autom8ter/gokvkit/db_util.go:73.18,75.5 1 0
github.com/autom8ter/gokvkit/db_util.go:77.18,79.4 1 0
github.com/autom8ter/gokvkit/db_util.go:84.88,86.19 2 37689
github.com/autom8ter/gokvkit/db_util.go:90.2,90.15 1 0
github.com/autom8ter/gokvkit/db_util.go:86.19,89.3 2 37689
github.com/autom8ter/gokvkit/db_util.go:93.92,95.91 2 0
github.com/autom8ter/gokvkit/db_util.go:98.2,98.12 1 0
github.com/autom8ter/gokvkit/db_util.go:95.91,97.3 1 0
github.com/autom8ter/gokvkit/db_util.go:101.94,102.47 1 200
github.com/autom8ter/gokvkit/db_util.go:115.2,115.12 1 200
github.com/autom8ter/gokvkit/db_util.go:102.47,104.17 2 200
github.com/autom8ter/gokvkit/db_util.go:107.3,108.17 2 200
github.com/autom8ter/gokvkit/db_util.go:111.3,111.13 1 200
github.com/autom8ter/gokvkit/db_util.go:104.17,106.4 1 0
github.com/autom8ter/gokvkit/db_util.go:108.17,110.4 1 0
github.com/autom8ter/gokvkit/db_util.go:112.17,114.3 1 0
github.com/autom8ter/gokvkit/db_util.go:118.90,119.47 1 0
github.com/autom8ter/gokvkit/db_util.go:128.2,128.12 1 0
github.com/autom8ter/gokvkit/db_util.go:119.47,121.17 2 0
github.com/autom8ter/gokvkit/db_util.go:124.3,124.13 1 0
github.com/autom8ter/gokvkit/db_util.go:121.17,123.4 1 0
github.com/autom8ter/gokvkit/db_util.go:125.17,127.3 1 0
github.com/autom8ter/gokvkit/db_util.go:131.91,133.48 2 404
github.com/autom8ter/gokvkit/db_util.go:158.2,158.22 1 404
github.com/autom8ter/gokvkit/db_util.go:133.48,138.17 3 404
github.com/autom8ter/gokvkit/db_util.go:154.3,154.13 1 404
github.com/autom8ter/gokvkit/db_util.go:138.17,142.18 3 1616
github.com/autom8ter/gokvkit/db_util.go:145.4,145.21 1 1616
github.com/autom8ter/gokvkit/db_util.go:152.4,152.12 1 1616
github.com/autom8ter/gokvkit/db_util.go:142.18,144.5 1 0
github.com/autom8ter/gokvkit/db_util.go:145.21,147.19 2 1616
github.com/autom8ter/gokvkit/db_util.go:150.5,150.37 1 1616
github.com/autom8ter/gokvkit/db_util.go:147.19,149.6 1 0
github.com/autom8ter/gokvkit/db_util.go:155.17,157.3 1 0
github.com/autom8ter/gokvkit/db_util.go:161.110,163.48 2 37789
github.com/autom8ter/gokvkit/db_util.go:176.2,176.16 1 37789
github.com/autom8ter/gokvkit/db_util.go:179.2,179.17 1 37789
github.com/autom8ter/gokvkit/db_util.go:163.48,165.17 2 37789
github.com/autom8ter/gokvkit/db_util.go:168.3,169.17 2 37789
github.com/autom8ter/gokvkit/db_util.go:172.3,172.13 1 37789
github.com/autom8ter/gokvkit/db_util.go:165.17,167.4 1 0
github.com/autom8ter/gokvkit/db_util.go:169.17,171.4 1 0
github.com/autom8ter/gokvkit/db_util.go:173.17,175.3 1 0
github.com/autom8ter/gokvkit/db_util.go:176.16,178.3 1 0
github.com/autom8ter/gokvkit/indexing.go:19.105,30.21 4 30653
github.com/autom8ter/gokvkit/indexing.go:33.2,33.29 1 30653
github.com/autom8ter/gokvkit/indexing.go:38.2,38.15 1 30653
github.com/autom8ter/gokvkit/indexing.go:30.21,32.3 1 0
github.com/autom8ter/gokvkit/indexing.go:33.29,34.29 1 35013
github.com/autom8ter/gokvkit/indexing.go:34.29,36.4 1 34674
github.com/autom8ter/gokvkit/indexing.go:48.74,59.2 3 34681
github.com/autom8ter/gokvkit/indexing.go:61.58,68.2 1 29214
github.com/autom8ter/gokvkit/indexing.go:70.40,72.24 2 30671
github.com/autom8ter/gokvkit/indexing.go:75.2,75.35 1 30671
github.com/autom8ter/gokvkit/indexing.go:72.24,74.3 1 29214
github.com/autom8ter/gokvkit/indexing.go:78.42,80.2 1 0
github.com/autom8ter/gokvkit/indexing.go:82.53,84.2 1 0
github.com/autom8ter/gokvkit/indexing.go:86.72,95.2 3 0
github.com/autom8ter/gokvkit/indexing.go:97.70,105.2 3 0
github.com/autom8ter/gokvkit/builder.go:9.24,11.2 1 3
github.com/autom8ter/gokvkit/builder.go:14.38,16.2 1 3
github.com/autom8ter/gokvkit/builder.go:19.63,22.2 2 3
github.com/autom8ter/gokvkit/builder.go:25.60,28.2 2 2
github.com/autom8ter/gokvkit/builder.go:31.57,34.2 2 3
github.com/autom8ter/gokvkit/builder.go:37.61,40.2 2 2
github.com/autom8ter/gokvkit/builder.go:43.55,46.2 2 1
github.com/autom8ter/gokvkit/builder.go:49.53,52.2 2 1
github.com/autom8ter/gokvkit/builder.go:55.64,58.2 2 1
github.com/autom8ter/gokvkit/builder.go:61.61,64.2 2 1
github.com/autom8ter/gokvkit/document.go:29.54,31.16 2 1
github.com/autom8ter/gokvkit/document.go:34.2,35.12 2 1
github.com/autom8ter/gokvkit/document.go:31.16,33.3 1 0
github.com/autom8ter/gokvkit/document.go:39.50,41.2 1 4
github.com/autom8ter/gokvkit/document.go:44.30,49.2 2 3220
github.com/autom8ter/gokvkit/document.go:52.59,53.29 1 10011
github.com/autom8ter/gokvkit/document.go:56.2,59.16 2 10011
github.com/autom8ter/gokvkit/document.go:62.2,62.15 1 10010
github.com/autom8ter/gokvkit/document.go:53.29,55.3 1 0
github.com/autom8ter/gokvkit/document.go:59.16,61.3 1 1
github.com/autom8ter/gokvkit/document.go:66.52,69.16 3 7210
github.com/autom8ter/gokvkit/document.go:72.2,72.35 1 7210
github.com/autom8ter/gokvkit/document.go:69.16,71.3 1 0
github.com/autom8ter/gokvkit/document.go:76.33,78.2 1 10123
github.com/autom8ter/gokvkit/document.go:81.36,83.2 1 212
github.com/autom8ter/gokvkit/document.go:86.35,88.2 1 23467
github.com/autom8ter/gokvkit/document.go:91.43,93.2 1 14759
github.com/autom8ter/gokvkit/document.go:96.38,99.2 2 209
github.com/autom8ter/gokvkit/document.go:102.42,103.34 1 42301
github.com/autom8ter/gokvkit/document.go:106.2,106.12 1 118
github.com/autom8ter/gokvkit/document.go:103.34,105.3 1 42183
github.com/autom8ter/gokvkit/document.go:110.51,112.2 1 15980
github.com/autom8ter/gokvkit/document.go:115.46,117.2 1 312
github.com/autom8ter/gokvkit/document.go:120.47,122.2 1 1
github.com/autom8ter/gokvkit/document.go:125.51,127.2 1 1442
github.com/autom8ter/gokvkit/document.go:130.52,132.2 1 0
github.com/autom8ter/gokvkit/document.go:135.49,137.2 1 2
github.com/autom8ter/gokvkit/document.go:140.53,144.2 1 4043
github.com/autom8ter/gokvkit/document.go:151.53,156.27 2 4632
github.com/autom8ter/gokvkit/document.go:164.2,164.16 1 4632
github.com/autom8ter/gokvkit/document.go:167.2,167.36 1 4632
github.com/autom8ter/gokvkit/document.go:170.2,170.12 1 4632
github.com/autom8ter/gokvkit/document.go:157.20,158.89 1 0
github.com/autom8ter/gokvkit/document.go:159.14,160.84 1 0
github.com/autom8ter/gokvkit/document.go:161.10,162.81 1 4632
github.com/autom8ter/gokvkit/document.go:164.16,166.3 1 0
github.com/autom8ter/gokvkit/document.go:167.36,169.3 1 987
github.com/autom8ter/gokvkit/document.go:174.56,176.27 2 4321
github.com/autom8ter/gokvkit/document.go:182.2,182.12 1 4321
github.com/autom8ter/gokvkit/document.go:176.27,178.17 2 4632
github.com/autom8ter/gokvkit/document.go:178.17,180.4 1 0
github.com/autom8ter/gokvkit/document.go:186.48,187.19 1 1
github.com/autom8ter/gokvkit/document.go:190.2,192.16 3 1
github.com/autom8ter/gokvkit/document.go:195.2,195.28 1 1
github.com/autom8ter/gokvkit/document.go:187.19,189.3 1 0
github.com/autom8ter/gokvkit/document.go:192.16,194.3 1 0
github.com/autom8ter/gokvkit/document.go:198.66,199.19 1 104
github.com/autom8ter/gokvkit/document.go:202.2,204.16 3 104
github.com/autom8ter/gokvkit/document.go:207.2,207.30 1 104
github.com/autom8ter/gokvkit/document.go:212.2,212.12 1 104
github.com/autom8ter/gokvkit/document.go:199.19,201.3 1 0
github.com/autom8ter/gokvkit/document.go:204.16,206.3 1 0
github.com/autom8ter/gokvkit/document.go:207.30,208.66 1 269
github.com/autom8ter/gokvkit/document.go:208.66,210.4 1 0
github.com/autom8ter/gokvkit/document.go:216.44,218.2 1 3
github.com/autom8ter/gokvkit/document.go:221.51,222.31 1 3
github.com/autom8ter/gokvkit/document.go:229.2,229.12 1 3
github.com/autom8ter/gokvkit/document.go:222.31,224.17 2 3
github.com/autom8ter/gokvkit/document.go:227.3,227.33 1 3
github.com/autom8ter/gokvkit/document.go:224.17,226.4 1 0
github.com/autom8ter/gokvkit/document.go:234.56,236.27 1 2104
github.com/autom8ter/gokvkit/document.go:374.2,374.18 1 1479
github.com/autom8ter/gokvkit/document.go:236.27,242.15 2 1833
github.com/autom8ter/gokvkit/document.go:243.18,244.52 1 1302
github.com/autom8ter/gokvkit/document.go:247.4,247.14 1 1302
github.com/autom8ter/gokvkit/document.go:256.19,257.14 1 2
github.com/autom8ter/gokvkit/document.go:266.18,267.14 1 108
github.com/autom8ter/gokvkit/document.go:276.19,277.14 1 103
github.com/autom8ter/gokvkit/document.go:286.18,287.14 1 207
github.com/autom8ter/gokvkit/document.go:296.19,297.14 1 3
github.com/autom8ter/gokvkit/document.go:306.18,311.32 5 96
github.com/autom8ter/gokvkit/document.go:316.4,316.14 1 96
github.com/autom8ter/gokvkit/document.go:320.24,322.39 2 11
github.com/autom8ter/gokvkit/document.go:345.27,347.50 2 0
github.com/autom8ter/gokvkit/document.go:352.27,354.50 2 0
github.com/autom8ter/gokvkit/document.go:359.25,361.75 2 0
github.com/autom8ter/gokvkit/document.go:364.21,367.14 3 0
github.com/autom8ter/gokvkit/document.go:370.11,371.81 1 1
github.com/autom8ter/gokvkit/document.go:244.53,246.5 0 0
github.com/autom8ter/gokvkit/document.go:247.14,248.91 1 1
github.com/autom8ter/gokvkit/document.go:248.91,250.6 1 0
github.com/autom8ter/gokvkit/document.go:251.10,252.80 1 1301
github.com/autom8ter/gokvkit/document.go:252.80,254.6 1 484
github.com/autom8ter/gokvkit/document.go:257.14,258.91 1 1
github.com/autom8ter/gokvkit/document.go:258.91,260.6 1 1
github.com/autom8ter/gokvkit/document.go:261.10,262.80 1 1
github.com/autom8ter/gokvkit/document.go:262.80,264.6 1 0
github.com/autom8ter/gokvkit/document.go:267.14,268.53 1 0
github.com/autom8ter/gokvkit/document.go:268.53,270.6 1 0
github.com/autom8ter/gokvkit/document.go:271.10,272.55 1 108
github.com/autom8ter/gokvkit/document.go:272.55,274.6 1 1
github.com/autom8ter/gokvkit/document.go:277.14,278.52 1 0
github.com/autom8ter/gokvkit/document.go:278.52,280.6 1 0
github.com/autom8ter/gokvkit/document.go:281.10,282.54 1 103
github.com/autom8ter/gokvkit/document.go:282.54,284.6 1 0
github.com/autom8ter/gokvkit/document.go:287.14,288.53 1 0
github.com/autom8ter/gokvkit/document.go:288.53,290.6 1 0
github.com/autom8ter/gokvkit/document.go:291.10,292.55 1 207
github.com/autom8ter/gokvkit/document.go:292.55,294.6 1 44
github.com/autom8ter/gokvkit/document.go:297.14,298.52 1 0
github.com/autom8ter/gokvkit/document.go:298.52,300.6 1 0
github.com/autom8ter/gokvkit/document.go:301.10,302.54 1 3
github.com/autom8ter/gokvkit/document.go:302.54,304.6 1 1
github.com/autom8ter/gokvkit/document.go:311.32,312.33 1 951
github.com/autom8ter/gokvkit/document.go:312.33,314.6 1 11
github.com/autom8ter/gokvkit/document.go:316.14,318.5 1 85
github.com/autom8ter/gokvkit/document.go:323.16,324.53 1 0
github.com/autom8ter/gokvkit/document.go:327.19,328.56 1 0
github.com/autom8ter/gokvkit/document.go:331.18,332.55 1 0
github.com/autom8ter/gokvkit/document.go:335.16,336.60 1 11
github.com/autom8ter/gokvkit/document.go:339.12,340.79 1 0
github.com/autom8ter/gokvkit/document.go:324.53,326.6 1 0
github.com/autom8ter/gokvkit/document.go:328.56,330.6 1 0
github.com/autom8ter/gokvkit/document.go:332.55,334.6 1 0
github.com/autom8ter/gokvkit/document.go:336.60,338.6 1 8
github.com/autom8ter/gokvkit/document.go:340.79,342.6 1 0
github.com/autom8ter/gokvkit/document.go:347.50,348.34 1 0
github.com/autom8ter/gokvkit/document.go:348.34,350.6 1 0
github.com/autom8ter/gokvkit/document.go:354.50,355.33 1 0
github.com/autom8ter/gokvkit/document.go:355.33,357.6 1 0
github.com/autom8ter/gokvkit/document.go:361.75,363.5 1 0
github.com/autom8ter/gokvkit/document.go:367.14,369.5 1 0
github.com/autom8ter/gokvkit/document.go:378.57,380.19 2 3540
github.com/autom8ter/gokvkit/document.go:383.2,388.35 2 3540
github.com/autom8ter/gokvkit/document.go:407.2,407.34 1 3540
github.com/autom8ter/gokvkit/document.go:419.2,419.12 1 3540
github.com/autom8ter/gokvkit/document.go:380.19,382.3 1 3031
github.com/autom8ter/gokvkit/document.go:388.35,390.10 2 5162
github.com/autom8ter/gokvkit/document.go:391.16,397.6 1 4596
github.com/autom8ter/gokvkit/document.go:398.68,404.6 1 2
github.com/autom8ter/gokvkit/document.go:407.34,409.10 2 12216
github.com/autom8ter/gokvkit/document.go:410.16,416.6 1 11650
github.com/autom8ter/gokvkit/document.go:423.42,427.2 3 7080
github.com/autom8ter/gokvkit/document.go:429.69,430.52 1 9210
github.com/autom8ter/gokvkit/document.go:430.52,431.23 1 19508
github.com/autom8ter/gokvkit/document.go:436.3,436.14 1 19508
github.com/autom8ter/gokvkit/document.go:431.23,433.4 1 2130
github.com/autom8ter/gokvkit/document.go:433.9,435.4 1 17378
github.com/autom8ter/gokvkit/document.go:441.42,443.2 1 1
github.com/autom8ter/gokvkit/document.go:446.46,448.16 2 0
github.com/autom8ter/gokvkit/document.go:451.2,451.12 1 0
github.com/autom8ter/gokvkit/document.go:448.16,450.3 1 0
github.com/autom8ter/gokvkit/document.go:458.60,460.2 1 1
github.com/autom8ter/gokvkit/document.go:463.93,465.2 1 1
github.com/autom8ter/gokvkit/document.go:468.85,470.2 1 1
github.com/autom8ter/gokvkit/document.go:473.68,475.2 1 3
github.com/autom8ter/gokvkit/model.go:81.52,82.48 1 936
github.com/autom8ter/gokvkit/model.go:85.2,85.24 1 928
github.com/autom8ter/gokvkit/model.go:88.2,89.29 2 928
github.com/autom8ter/gokvkit/model.go:97.2,97.17 1 928
github.com/autom8ter/gokvkit/model.go:113.2,113.12 1 927
github.com/autom8ter/gokvkit/model.go:82.48,84.3 1 8
github.com/autom8ter/gokvkit/model.go:85.24,87.3 1 0
github.com/autom8ter/gokvkit/model.go:89.29,90.20 1 933
github.com/autom8ter/gokvkit/model.go:93.3,93.24 1 933
github.com/autom8ter/gokvkit/model.go:90.20,92.4 1 0
github.com/autom8ter/gokvkit/model.go:93.24,95.4 1 3
github.com/autom8ter/gokvkit/model.go:97.17,98.30 1 3
github.com/autom8ter/gokvkit/model.go:105.3,105.31 1 3
github.com/autom8ter/gokvkit/model.go:98.30,99.25 1 4
github.com/autom8ter/gokvkit/model.go:99.25,100.41 1 1
github.com/autom8ter/gokvkit/model.go:100.41,102.6 1 0
github.com/autom8ter/gokvkit/model.go:105.31,106.60 1 2
github.com/autom8ter/gokvkit/model.go:106.60,108.5 1 2
github.com/autom8ter/gokvkit/model.go:108.7,110.5 1 1
github.com/autom8ter/gokvkit/model.go:116.35,117.29 1 926
github.com/autom8ter/gokvkit/model.go:122.2,122.14 1 925
github.com/autom8ter/gokvkit/model.go:117.29,118.24 1 931
github.com/autom8ter/gokvkit/model.go:118.24,120.4 1 1
github.com/autom8ter/gokvkit/model.go:137.49,139.17 2 2
github.com/autom8ter/gokvkit/model.go:142.2,142.10 1 2
github.com/autom8ter/gokvkit/model.go:139.17,141.3 1 2
github.com/autom8ter/gokvkit/model.go:146.36,149.2 2 1
github.com/autom8ter/gokvkit/model.go:152.50,154.2 1 3538
github.com/autom8ter/gokvkit/model.go:157.54,159.53 2 1
github.com/autom8ter/gokvkit/model.go:162.2,163.12 2 1
github.com/autom8ter/gokvkit/model.go:159.53,161.3 1 0
github.com/autom8ter/gokvkit/model.go:167.48,168.25 1 8300
github.com/autom8ter/gokvkit/model.go:168.25,170.3 1 8300
github.com/autom8ter/gokvkit/model.go:174.47,178.2 1 8297
github.com/autom8ter/gokvkit/model.go:181.47,185.2 1 0
github.com/autom8ter/gokvkit/model.go:188.42,190.9 2 69146
github.com/autom8ter/gokvkit/model.go:193.2,193.27 1 0
github.com/autom8ter/gokvkit/model.go:190.9,192.3 1 69146
github.com/autom8ter/gokvkit/model.go:197.36,199.2 1 1
github.com/autom8ter/gokvkit/model.go:202.48,204.2 1 13
github.com/autom8ter/gokvkit/model.go:207.44,210.2 2 7074
github.com/autom8ter/gokvkit/model.go:213.41,215.41 2 3539
github.com/autom8ter/gokvkit/model.go:219.2,219.13 1 3539
github.com/autom8ter/gokvkit/model.go:215.41,218.3 2 23
github.com/autom8ter/gokvkit/model.go:223.67,225.2 1 111
github.com/autom8ter/gokvkit/model.go:228.57,230.8 2 80880
github.com/autom8ter/gokvkit/model.go:233.2,233.27 1 80189
github.com/autom8ter/gokvkit/model.go:230.8,232.3 1 691
github.com/autom8ter/gokvkit/model.go:295.36,297.2 1 7072
github.com/autom8ter/gokvkit/model.go:314.33,316.2 1 0
github.com/autom8ter/gokvkit/tx.go:28.57,29.34 1 426
github.com/autom8ter/gokvkit/tx.go:36.2,36.28 1 426
github.com/autom8ter/gokvkit/tx.go:39.2,39.38 1 426
github.com/autom8ter/gokvkit/tx.go:42.2,42.34 1 426
github.com/autom8ter/gokvkit/tx.go:49.2,50.12 2 426
github.com/autom8ter/gokvkit/tx.go:29.34,30.15 1 0
github.com/autom8ter/gokvkit/tx.go:30.15,31.41 1 0
github.com/autom8ter/gokvkit/tx.go:31.41,33.5 1 0
github.com/autom8ter/gokvkit/tx.go:36.28,38.3 1 3536
github.com/autom8ter/gokvkit/tx.go:39.38,41.3 1 0
github.com/autom8ter/gokvkit/tx.go:42.34,43.16 1 0
github.com/autom8ter/gokvkit/tx.go:43.16,44.41 1 0
github.com/autom8ter/gokvkit/tx.go:44.41,46.5 1 0
github.com/autom8ter/gokvkit/tx.go:53.53,54.36 1 100
github.com/autom8ter/gokvkit/tx.go:59.2,60.36 2 100
github.com/autom8ter/gokvkit/tx.go:65.2,65.17 1 100
github.com/autom8ter/gokvkit/tx.go:54.36,55.15 1 0
github.com/autom8ter/gokvkit/tx.go:55.15,57.4 1 0
github.com/autom8ter/gokvkit/tx.go:60.36,61.16 1 0
github.com/autom8ter/gokvkit/tx.go:61.16,63.4 1 0
github.com/autom8ter/gokvkit/tx.go:68.110,69.42 1 101
github.com/autom8ter/gokvkit/tx.go:72.2,73.16 2 101
github.com/autom8ter/gokvkit/tx.go:76.2,76.79 1 101
github.com/autom8ter/gokvkit/tx.go:79.2,86.17 2 101
github.com/autom8ter/gokvkit/tx.go:89.2,89.12 1 101
github.com/autom8ter/gokvkit/tx.go:69.42,71.3 1 0
github.com/autom8ter/gokvkit/tx.go:73.16,75.3 1 0
github.com/autom8ter/gokvkit/tx.go:76.79,78.3 1 0
github.com/autom8ter/gokvkit/tx.go:86.17,88.3 1 0
github.com/autom8ter/gokvkit/tx.go:92.106,93.42 1 5
github.com/autom8ter/gokvkit/tx.go:96.2,98.14 3 5
github.com/autom8ter/gokvkit/tx.go:105.2,112.17 2 5
github.com/autom8ter/gokvkit/tx.go:115.2,115.16 1 5
github.com/autom8ter/gokvkit/tx.go:93.42,95.3 1 0
github.com/autom8ter/gokvkit/tx.go:98.14,101.17 3 0
github.com/autom8ter/gokvkit/tx.go:101.17,103.4 1 0
github.com/autom8ter/gokvkit/tx.go:112.17,114.3 1 0
github.com/autom8ter/gokvkit/tx.go:118.93,119.42 1 3026
github.com/autom8ter/gokvkit/tx.go:122.2,129.17 2 3026
github.com/autom8ter/gokvkit/tx.go:132.2,132.12 1 3026
github.com/autom8ter/gokvkit/tx.go:119.42,121.3 1 0
github.com/autom8ter/gokvkit/tx.go:129.17,131.3 1 0
github.com/autom8ter/gokvkit/tx.go:135.87,136.42 1 404
github.com/autom8ter/gokvkit/tx.go:139.2,149.17 3 404
github.com/autom8ter/gokvkit/tx.go:152.2,152.12 1 404
github.com/autom8ter/gokvkit/tx.go:136.42,138.3 1 0
github.com/autom8ter/gokvkit/tx.go:149.17,151.3 1 0
github.com/autom8ter/gokvkit/tx.go:155.96,156.44 1 926
github.com/autom8ter/gokvkit/tx.go:159.2,159.42 1 926
github.com/autom8ter/gokvkit/tx.go:162.2,162.25 1 926
github.com/autom8ter/gokvkit/tx.go:165.2,171.102 6 925
github.com/autom8ter/gokvkit/tx.go:179.2,179.16 1 925
github.com/autom8ter/gokvkit/tx.go:182.2,184.51 2 925
github.com/autom8ter/gokvkit/tx.go:187.2,187.51 1 925
github.com/autom8ter/gokvkit/tx.go:191.2,191.59 1 925
github.com/autom8ter/gokvkit/tx.go:200.2,208.8 1 925
github.com/autom8ter/gokvkit/tx.go:156.44,158.3 1 0
github.com/autom8ter/gokvkit/tx.go:159.42,161.3 1 0
github.com/autom8ter/gokvkit/tx.go:162.25,164.3 1 1
github.com/autom8ter/gokvkit/tx.go:171.102,173.99 2 1135
github.com/autom8ter/gokvkit/tx.go:177.3,177.19 1 1134
github.com/autom8ter/gokvkit/tx.go:173.99,176.4 2 1
github.com/autom8ter/gokvkit/tx.go:179.16,181.3 1 0
github.com/autom8ter/gokvkit/tx.go:184.51,186.3 1 0
github.com/autom8ter/gokvkit/tx.go:187.51,189.3 1 0
github.com/autom8ter/gokvkit/tx.go:191.59,192.34 1 9
github.com/autom8ter/gokvkit/tx.go:192.34,194.18 2 174
github.com/autom8ter/gokvkit/tx.go:194.18,196.5 1 0
github.com/autom8ter/gokvkit/tx.go:211.97,212.42 1 8096
github.com/autom8ter/gokvkit/tx.go:215.2,222.16 6 8096
github.com/autom8ter/gokvkit/tx.go:225.2,225.16 1 8096
github.com/autom8ter/gokvkit/tx.go:228.2,229.16 2 1428
github.com/autom8ter/gokvkit/tx.go:232.2,232.16 1 1428
github.com/autom8ter/gokvkit/tx.go:235.2,235.16 1 1428
github.com/autom8ter/gokvkit/tx.go:238.2,238.17 1 1428
github.com/autom8ter/gokvkit/tx.go:212.42,214.3 1 0
github.com/autom8ter/gokvkit/tx.go:222.16,224.3 1 0
github.com/autom8ter/gokvkit/tx.go:225.16,227.3 1 6668
github.com/autom8ter/gokvkit/tx.go:229.16,231.3 1 0
github.com/autom8ter/gokvkit/tx.go:232.16,234.3 1 0
github.com/autom8ter/gokvkit/tx.go:235.16,237.3 1 0
github.com/autom8ter/gokvkit/tx.go:242.100,243.42 1 1
github.com/autom8ter/gokvkit/tx.go:246.2,250.102 5 1
github.com/autom8ter/gokvkit/tx.go:254.2,254.16 1 1
github.com/autom8ter/gokvkit/tx.go:257.2,258.61 2 1
github.com/autom8ter/gokvkit/tx.go:265.2,266.16 2 1
github.com/autom8ter/gokvkit/tx.go:269.2,270.39 2 1
github.com/autom8ter/gokvkit/tx.go:273.2,273.51 1 1
github.com/autom8ter/gokvkit/tx.go:276.2,284.8 1 1
github.com/autom8ter/gokvkit/tx.go:243.42,245.3 1 0
github.com/autom8ter/gokvkit/tx.go:250.102,253.3 2 10
github.com/autom8ter/gokvkit/tx.go:254.16,256.3 1 0
github.com/autom8ter/gokvkit/tx.go:258.61,260.17 2 9
github.com/autom8ter/gokvkit/tx.go:263.3,263.35 1 9
github.com/autom8ter/gokvkit/tx.go:260.17,262.4 1 0
github.com/autom8ter/gokvkit/tx.go:266.16,268.3 1 0
github.com/autom8ter/gokvkit/tx.go:270.39,272.3 1 0
github.com/autom8ter/gokvkit/tx.go:273.51,275.3 1 0
github.com/autom8ter/gokvkit/tx.go:287.70,288.20 1 1
github.com/autom8ter/gokvkit/tx.go:299.2,299.21 1 1
github.com/autom8ter/gokvkit/tx.go:288.20,289.36 1 0
github.com/autom8ter/gokvkit/tx.go:289.36,291.18 2 0
github.com/autom8ter/gokvkit/tx.go:294.4,294.12 1 0
github.com/autom8ter/gokvkit/tx.go:291.18,293.5 1 0
github.com/autom8ter/gokvkit/tx.go:294.12,296.5 1 0
github.com/autom8ter/gokvkit/tx.go:302.127,303.42 1 7
github.com/autom8ter/gokvkit/tx.go:306.2,306.64 1 7
github.com/autom8ter/gokvkit/tx.go:303.42,305.3 1 0
github.com/autom8ter/gokvkit/tx.go:309.50,312.2 2 526
github.com/autom8ter/gokvkit/tx.go:314.35,316.2 1 62
github.com/autom8ter/gokvkit/tx.go:318.37,320.2 1 0
github.com/autom8ter/gokvkit/tx_util.go:18.135,19.19 1 101
github.com/autom8ter/gokvkit/tx_util.go:22.2,26.16 4 101
github.com/autom8ter/gokvkit/tx_util.go:29.2,30.16 2 101
github.com/autom8ter/gokvkit/tx_util.go:33.2,33.55 1 101
github.com/autom8ter/gokvkit/tx_util.go:36.2,38.55 1 101
github.com/autom8ter/gokvkit/tx_util.go:41.2,41.12 1 101
github.com/autom8ter/gokvkit/tx_util.go:19.19,21.3 1 0
github.com/autom8ter/gokvkit/tx_util.go:26.16,28.3 1 0
github.com/autom8ter/gokvkit/tx_util.go:30.16,32.3 1 0
github.com/autom8ter/gokvkit/tx_util.go:33.55,35.3 1 0
github.com/autom8ter/gokvkit/tx_util.go:38.55,40.3 1 0
github.com/autom8ter/gokvkit/tx_util.go:44.99,45.17 1 404
github.com/autom8ter/gokvkit/tx_util.go:48.2,51.37 2 404
github.com/autom8ter/gokvkit/tx_util.go:54.2,54.12 1 404
github.com/autom8ter/gokvkit/tx_util.go:45.17,47.3 1 0
github.com/autom8ter/gokvkit/tx_util.go:51.37,53.3 1 0
github.com/autom8ter/gokvkit/tx_util.go:57.103,60.65 3 3541
github.com/autom8ter/gokvkit/tx_util.go:63.2,63.66 1 3541
github.com/autom8ter/gokvkit/tx_util.go:66.2,68.66 1 3541
github.com/autom8ter/gokvkit/tx_util.go:71.2,71.12 1 3541
github.com/autom8ter/gokvkit/tx_util.go:60.65,62.3 1 0
github.com/autom8ter/gokvkit/tx_util.go:63.66,65.3 1 0
github.com/autom8ter/gokvkit/tx_util.go:68.66,70.3 1 0
github.com/autom8ter/gokvkit/tx_util.go:74.114,75.17 1 3026
github.com/autom8ter/gokvkit/tx_util.go:78.2,78.66 1 3026
github.com/autom8ter/gokvkit/tx_util.go:81.2,84.66 2 3026
github.com/autom8ter/gokvkit/tx_util.go:87.2,87.12 1 3026
github.com/autom8ter/gokvkit/tx_util.go:75.17,77.3 1 0
github.com/autom8ter/gokvkit/tx_util.go:78.66,80.3 1 0
github.com/autom8ter/gokvkit/tx_util.go:84.66,86.3 1 0
github.com/autom8ter/gokvkit/tx_util.go:90.97,93.14 2 7072
github.com/autom8ter/gokvkit/tx_util.go:96.2,97.28 2 7072
github.com/autom8ter/gokvkit/tx_util.go:100.2,100.29 1 7072
github.com/autom8ter/gokvkit/tx_util.go:104.2,104.43 1 7072
github.com/autom8ter/gokvkit/tx_util.go:107.2,108.38 2 7072
github.com/autom8ter/gokvkit/tx_util.go:119.2,119.49 1 7072
github.com/autom8ter/gokvkit/tx_util.go:122.2,122.67 1 7072
github.com/autom8ter/gokvkit/tx_util.go:126.2,126.24 1 7072
github.com/autom8ter/gokvkit/tx_util.go:147.2,147.71 1 7072
github.com/autom8ter/gokvkit/tx_util.go:152.2,152.68 1 7072
github.com/autom8ter/gokvkit/tx_util.go:155.2,155.45 1 7072
github.com/autom8ter/gokvkit/tx_util.go:180.2,180.12 1 7072
github.com/autom8ter/gokvkit/tx_util.go:93.14,95.3 1 0
github.com/autom8ter/gokvkit/tx_util.go:97.28,99.3 1 0
github.com/autom8ter/gokvkit/tx_util.go:100.29,103.3 2 0
github.com/autom8ter/gokvkit/tx_util.go:104.43,106.3 1 0
github.com/autom8ter/gokvkit/tx_util.go:108.38,109.72 1 0
github.com/autom8ter/gokvkit/tx_util.go:117.3,117.13 1 0
github.com/autom8ter/gokvkit/tx_util.go:109.72,110.17 1 0
github.com/autom8ter/gokvkit/tx_util.go:113.4,113.84 1 0
github.com/autom8ter/gokvkit/tx_util.go:110.17,111.13 1 0
github.com/autom8ter/gokvkit/tx_util.go:113.84,115.5 1 0
github.com/autom8ter/gokvkit/tx_util.go:119.49,121.3 1 0
github.com/autom8ter/gokvkit/tx_util.go:122.67,124.3 1 0
github.com/autom8ter/gokvkit/tx_util.go:127.14,128.74 1 101
github.com/autom8ter/gokvkit/tx_util.go:131.14,132.59 1 3541
github.com/autom8ter/gokvkit/tx_util.go:135.14,136.57 1 404
github.com/autom8ter/gokvkit/tx_util.go:139.3,139.58 1 404
github.com/autom8ter/gokvkit/tx_util.go:142.11,143.63 1 3026
github.com/autom8ter/gokvkit/tx_util.go:128.74,130.4 1 0
github.com/autom8ter/gokvkit/tx_util.go:132.59,134.4 1 0
github.com/autom8ter/gokvkit/tx_util.go:136.57,138.4 1 0
github.com/autom8ter/gokvkit/tx_util.go:139.58,141.4 1 0
github.com/autom8ter/gokvkit/tx_util.go:143.63,145.4 1 0
github.com/autom8ter/gokvkit/tx_util.go:147.71,148.83 1 20714
github.com/autom8ter/gokvkit/tx_util.go:148.83,150.4 1 0
github.com/autom8ter/gokvkit/tx_util.go:152.68,154.3 1 0
github.com/autom8ter/gokvkit/tx_util.go:155.45,166.17 3 3536
github.com/autom8ter/gokvkit/tx_util.go:169.3,175.18 1 3536
github.com/autom8ter/gokvkit/tx_util.go:178.3,178.29 1 3536
github.com/autom8ter/gokvkit/tx_util.go:166.17,168.4 1 0
github.com/autom8ter/gokvkit/tx_util.go:175.18,177.4 1 0
github.com/autom8ter/gokvkit/tx_util.go:183.107,185.16 2 404
github.com/autom8ter/gokvkit/tx_util.go:188.2,189.28 2 404
github.com/autom8ter/gokvkit/tx_util.go:217.2,217.35 1 404
github.com/autom8ter/gokvkit/tx_util.go:220.2,220.12 1 404
github.com/autom8ter/gokvkit/tx_util.go:185.16,187.3 1 0
github.com/autom8ter/gokvkit/tx_util.go:189.28,191.23 2 1616
github.com/autom8ter/gokvkit/tx_util.go:191.23,192.35 1 1616
github.com/autom8ter/gokvkit/tx_util.go:214.4,214.14 1 1616
github.com/autom8ter/gokvkit/tx_util.go:192.35,193.77 1 4848
github.com/autom8ter/gokvkit/tx_util.go:193.77,204.20 2 303
github.com/autom8ter/gokvkit/tx_util.go:207.6,207.42 1 303
github.com/autom8ter/gokvkit/tx_util.go:204.20,206.7 1 0
github.com/autom8ter/gokvkit/tx_util.go:207.42,208.79 1 202
github.com/autom8ter/gokvkit/tx_util.go:208.79,210.8 1 0
github.com/autom8ter/gokvkit/tx_util.go:217.35,219.3 1 0
github.com/autom8ter/gokvkit/tx_util.go:223.157,224.17 1 20714
github.com/autom8ter/gokvkit/tx_util.go:227.2,227.24 1 13642
github.com/autom8ter/gokvkit/tx_util.go:299.2,299.12 1 13642
github.com/autom8ter/gokvkit/tx_util.go:224.17,226.3 1 7072
github.com/autom8ter/gokvkit/tx_util.go:228.14,229.114 1 909
github.com/autom8ter/gokvkit/tx_util.go:238.27,239.20 1 12733
github.com/autom8ter/gokvkit/tx_util.go:250.3,250.74 1 12733
github.com/autom8ter/gokvkit/tx_util.go:273.3,273.60 1 12733
github.com/autom8ter/gokvkit/tx_util.go:289.3,289.139 1 12733
github.com/autom8ter/gokvkit/tx_util.go:229.114,237.4 1 0
github.com/autom8ter/gokvkit/tx_util.go:239.20,240.115 1 404
github.com/autom8ter/gokvkit/tx_util.go:240.115,248.5 1 0
github.com/autom8ter/gokvkit/tx_util.go:250.74,262.18 3 506
github.com/autom8ter/gokvkit/tx_util.go:265.4,265.26 1 506
github.com/autom8ter/gokvkit/tx_util.go:262.18,264.5 1 0
github.com/autom8ter/gokvkit/tx_util.go:265.26,271.5 1 0
github.com/autom8ter/gokvkit/tx_util.go:273.60,278.19 3 506
github.com/autom8ter/gokvkit/tx_util.go:278.19,282.28 4 0
github.com/autom8ter/gokvkit/tx_util.go:285.5,285.14 1 0
github.com/autom8ter/gokvkit/tx_util.go:282.28,284.6 1 0
github.com/autom8ter/gokvkit/tx_util.go:289.139,297.4 1 0
github.com/autom8ter/gokvkit/tx_util.go:302.106,303.47 1 14144
github.com/autom8ter/gokvkit/tx_util.go:310.2,310.12 1 14144
github.com/autom8ter/gokvkit/tx_util.go:303.47,304.34 1 0
github.com/autom8ter/gokvkit/tx_util.go:304.34,305.60 1 0
github.com/autom8ter/gokvkit/tx_util.go:305.60,307.5 1 0
github.com/autom8ter/gokvkit/tx_util.go:313.139,314.15 1 933
github.com/autom8ter/gokvkit/tx_util.go:317.2,317.42 1 933
github.com/autom8ter/gokvkit/tx_util.go:320.2,323.41 4 933
github.com/autom8ter/gokvkit/tx_util.go:326.2,327.16 2 933
github.com/autom8ter/gokvkit/tx_util.go:331.2,336.36 3 933
github.com/autom8ter/gokvkit/tx_util.go:344.2,346.17 3 933
github.com/autom8ter/gokvkit/tx_util.go:427.2,427.26 1 932
github.com/autom8ter/gokvkit/tx_util.go:314.15,316.3 1 0
github.com/autom8ter/gokvkit/tx_util.go:317.42,319.3 1 0
github.com/autom8ter/gokvkit/tx_util.go:323.41,325.3 1 0
github.com/autom8ter/gokvkit/tx_util.go:327.16,329.3 1 0
github.com/autom8ter/gokvkit/tx_util.go:336.36,337.49 1 18
github.com/autom8ter/gokvkit/tx_util.go:340.3,340.25 1 18
github.com/autom8ter/gokvkit/tx_util.go:337.49,339.4 1 7
github.com/autom8ter/gokvkit/tx_util.go:341.8,343.3 1 915
github.com/autom8ter/gokvkit/tx_util.go:346.17,349.33 3 2087
github.com/autom8ter/gokvkit/tx_util.go:366.3,367.20 2 2087
github.com/autom8ter/gokvkit/tx_util.go:407.3,407.26 1 2087
github.com/autom8ter/gokvkit/tx_util.go:410.3,410.31 1 2087
github.com/autom8ter/gokvkit/tx_util.go:425.3,425.12 1 2086
github.com/autom8ter/gokvkit/tx_util.go:349.33,351.18 2 1371
github.com/autom8ter/gokvkit/tx_util.go:354.4,355.18 2 1371
github.com/autom8ter/gokvkit/tx_util.go:351.18,353.5 1 0
github.com/autom8ter/gokvkit/tx_util.go:355.18,357.5 1 0
github.com/autom8ter/gokvkit/tx_util.go:358.9,362.18 4 716
github.com/autom8ter/gokvkit/tx_util.go:362.18,364.5 1 0
github.com/autom8ter/gokvkit/tx_util.go:367.20,369.27 1 102
github.com/autom8ter/gokvkit/tx_util.go:369.27,371.20 2 102
github.com/autom8ter/gokvkit/tx_util.go:374.5,379.28 2 102
github.com/autom8ter/gokvkit/tx_util.go:390.5,395.19 2 102
github.com/autom8ter/gokvkit/tx_util.go:398.5,398.41 1 102
github.com/autom8ter/gokvkit/tx_util.go:371.20,373.6 1 0
github.com/autom8ter/gokvkit/tx_util.go:379.28,380.66 1 102
github.com/autom8ter/gokvkit/tx_util.go:380.66,386.7 1 102
github.com/autom8ter/gokvkit/tx_util.go:386.12,388.7 1 0
github.com/autom8ter/gokvkit/tx_util.go:395.19,397.6 1 0
github.com/autom8ter/gokvkit/tx_util.go:398.41,400.54 2 103
github.com/autom8ter/gokvkit/tx_util.go:403.6,403.43 1 103
github.com/autom8ter/gokvkit/tx_util.go:400.54,402.7 1 0
github.com/autom8ter/gokvkit/tx_util.go:407.26,409.4 1 1985
github.com/autom8ter/gokvkit/tx_util.go:410.31,412.18 2 2088
github.com/autom8ter/gokvkit/tx_util.go:415.4,415.12 1 2088
github.com/autom8ter/gokvkit/tx_util.go:412.18,414.5 1 0
github.com/autom8ter/gokvkit/tx_util.go:415.12,417.19 2 1468
github.com/autom8ter/gokvkit/tx_util.go:420.5,420.24 1 1468
github.com/autom8ter/gokvkit/tx_util.go:417.19,419.6 1 0
github.com/autom8ter/gokvkit/tx_util.go:420.24,422.6 1 1
github.com/autom8ter/gokvkit/optimizer.go:10.59,20.2 1 12
github.com/autom8ter/gokvkit/optimizer.go:22.93,23.39 1 940
github.com/autom8ter/gokvkit/optimizer.go:26.2,27.23 2 940
github.com/autom8ter/gokvkit/optimizer.go:30.2,30.21 1 940
github.com/autom8ter/gokvkit/optimizer.go:33.2,33.78 1 932
github.com/autom8ter/gokvkit/optimizer.go:40.2,45.32 2 322
github.com/autom8ter/gokvkit/optimizer.go:82.2,82.52 1 322
github.com/autom8ter/gokvkit/optimizer.go:87.2,87.36 1 4
github.com/autom8ter/gokvkit/optimizer.go:23.39,25.3 1 0
github.com/autom8ter/gokvkit/optimizer.go:27.23,29.3 1 0
github.com/autom8ter/gokvkit/optimizer.go:30.21,32.3 1 8
github.com/autom8ter/gokvkit/optimizer.go:33.78,39.3 1 610
github.com/autom8ter/gokvkit/optimizer.go:45.32,46.29 1 997
github.com/autom8ter/gokvkit/optimizer.go:49.3,54.38 2 997
github.com/autom8ter/gokvkit/optimizer.go:74.3,75.87 2 997
github.com/autom8ter/gokvkit/optimizer.go:46.29,47.12 1 0
github.com/autom8ter/gokvkit/optimizer.go:54.38,55.22 1 1117
github.com/autom8ter/gokvkit/optimizer.go:55.22,56.60 1 999
github.com/autom8ter/gokvkit/optimizer.go:56.60,58.6 1 415
github.com/autom8ter/gokvkit/optimizer.go:58.11,58.67 1 584
github.com/autom8ter/gokvkit/optimizer.go:58.67,59.13 1 11
github.com/autom8ter/gokvkit/optimizer.go:60.36,61.45 1 5
github.com/autom8ter/gokvkit/optimizer.go:62.37,63.45 1 0
github.com/autom8ter/gokvkit/optimizer.go:64.36,66.21 2 2
github.com/autom8ter/gokvkit/optimizer.go:67.37,69.21 2 1
github.com/autom8ter/gokvkit/optimizer.go:75.87,80.4 4 710
github.com/autom8ter/gokvkit/optimizer.go:82.52,86.3 3 318
github.com/autom8ter/gokvkit/optimizer.go:90.75,91.22 1 1246
github.com/autom8ter/gokvkit/optimizer.go:94.2,96.27 3 928
github.com/autom8ter/gokvkit/optimizer.go:105.2,105.20 1 928
github.com/autom8ter/gokvkit/optimizer.go:91.22,93.3 1 318
github.com/autom8ter/gokvkit/optimizer.go:96.27,97.27 1 929
github.com/autom8ter/gokvkit/optimizer.go:97.27,98.20 1 932
github.com/autom8ter/gokvkit/optimizer.go:101.4,102.34 2 929
github.com/autom8ter/gokvkit/optimizer.go:98.20,99.13 1 3
github.com/autom8ter/gokvkit/schema.go:38.72,39.27 1 39513
github.com/autom8ter/gokvkit/schema.go:42.2,46.16 3 39513
github.com/autom8ter/gokvkit/schema.go:49.2,49.60 1 39513
github.com/autom8ter/gokvkit/schema.go:52.2,61.16 3 39513
github.com/autom8ter/gokvkit/schema.go:64.2,64.66 1 39513
github.com/autom8ter/gokvkit/schema.go:67.2,67.16 1 39513
github.com/autom8ter/gokvkit/schema.go:70.2,70.36 1 39513
github.com/autom8ter/gokvkit/schema.go:75.2,75.31 1 39513
github.com/autom8ter/gokvkit/schema.go:80.2,80.37 1 39513
github.com/autom8ter/gokvkit/schema.go:83.2,83.15 1 39513
github.com/autom8ter/gokvkit/schema.go:39.27,41.3 1 0
github.com/autom8ter/gokvkit/schema.go:46.16,48.3 1 0
github.com/autom8ter/gokvkit/schema.go:49.60,51.3 1 0
github.com/autom8ter/gokvkit/schema.go:61.16,63.3 1 0
github.com/autom8ter/gokvkit/schema.go:64.66,66.3 1 0
github.com/autom8ter/gokvkit/schema.go:67.16,69.3 1 0
github.com/autom8ter/gokvkit/schema.go:70.36,71.48 1 207843
github.com/autom8ter/gokvkit/schema.go:71.48,73.4 1 0
github.com/autom8ter/gokvkit/schema.go:75.31,76.48 1 112732
github.com/autom8ter/gokvkit/schema.go:76.48,78.4 1 0
github.com/autom8ter/gokvkit/schema.go:80.37,82.3 1 0
github.com/autom8ter/gokvkit/schema.go:86.65,87.17 1 45791
github.com/autom8ter/gokvkit/schema.go:90.2,90.34 1 45791
github.com/autom8ter/gokvkit/schema.go:165.2,165.12 1 45791
github.com/autom8ter/gokvkit/schema.go:87.17,89.3 1 0
github.com/autom8ter/gokvkit/schema.go:90.34,101.92 2 207843
github.com/autom8ter/gokvkit/schema.go:106.3,106.90 1 207843
github.com/autom8ter/gokvkit/schema.go:113.3,113.79 1 207843
github.com/autom8ter/gokvkit/schema.go:131.3,133.10 3 207843
github.com/autom8ter/gokvkit/schema.go:101.92,102.55 1 6278
github.com/autom8ter/gokvkit/schema.go:102.55,104.5 1 0
github.com/autom8ter/gokvkit/schema.go:106.90,108.62 2 8656
github.com/autom8ter/gokvkit/schema.go:111.4,111.32 1 8656
github.com/autom8ter/gokvkit/schema.go:108.62,110.5 1 0
github.com/autom8ter/gokvkit/schema.go:113.79,115.80 2 58285
github.com/autom8ter/gokvkit/schema.go:115.80,116.61 1 58285
github.com/autom8ter/gokvkit/schema.go:119.5,119.37 1 58285
github.com/autom8ter/gokvkit/schema.go:116.61,118.6 1 0
github.com/autom8ter/gokvkit/schema.go:119.37,128.6 3 58285
github.com/autom8ter/gokvkit/schema.go:134.23,135.33 1 39513
github.com/autom8ter/gokvkit/schema.go:138.4,145.40 3 39513
github.com/autom8ter/gokvkit/schema.go:146.22,153.5 2 6278
github.com/autom8ter/gokvkit/schema.go:154.33,162.5 2 8656
github.com/autom8ter/gokvkit/schema.go:135.33,137.5 1 0
github.com/autom8ter/gokvkit/schema.go:168.68,172.16 4 0
github.com/autom8ter/gokvkit/schema.go:175.2,181.12 7 0
github.com/autom8ter/gokvkit/schema.go:172.16,174.3 1 0
github.com/autom8ter/gokvkit/schema.go:184.58,188.2 3 0
github.com/autom8ter/gokvkit/schema.go:190.62,194.16 4 0
github.com/autom8ter/gokvkit/schema.go:197.2,197.30 1 0
github.com/autom8ter/gokvkit/schema.go:194.16,196.3 1 0
github.com/autom8ter/gokvkit/schema.go:200.58,204.2 3 202
github.com/autom8ter/gokvkit/schema.go:206.62,210.2 3 0
github.com/autom8ter/gokvkit/schema.go:212.48,216.2 3 8312
github.com/autom8ter/gokvkit/schema.go:218.56,222.31 4 9835
github.com/autom8ter/gokvkit/schema.go:225.2,225.10 1 9835
github.com/autom8ter/gokvkit/schema.go:222.31,224.3 1 28249
github.com/autom8ter/gokvkit/schema.go:228.87,232.16 4 6670
github.com/autom8ter/gokvkit/schema.go:236.2,236.36 1 6670
github.com/autom8ter/gokvkit/schema.go:239.2,239.12 1 6669
github.com/autom8ter/gokvkit/schema.go:232.16,234.3 1 0
github.com/autom8ter/gokvkit/schema.go:236.36,238.3 1 1
github.com/autom8ter/gokvkit/schema.go:242.48,244.22 2 35600
github.com/autom8ter/gokvkit/schema.go:247.2,247.18 1 35600
github.com/autom8ter/gokvkit/schema.go:244.22,246.3 1 0
github.com/autom8ter/gokvkit/schema.go:250.64,251.16 1 14659
github.com/autom8ter/gokvkit/schema.go:254.2,254.38 1 14659
github.com/autom8ter/gokvkit/schema.go:251.16,253.3 1 0
github.com/autom8ter/gokvkit/schema.go:257.74,260.2 2 3642
github.com/autom8ter/gokvkit/schema.go:262.53,264.2 1 0
github.com/autom8ter/gokvkit/schema.go:266.49,268.2 1 53262
github.com/autom8ter/gokvkit/schema.go:270.67,274.2 3 3
github.com/autom8ter/gokvkit/schema.go:276.59,280.2 3 0
github.com/autom8ter/gokvkit/stream.go:13.52,15.2 1 26
github.com/autom8ter/gokvkit/stream.go:17.81,22.2 1 3541
github.com/autom8ter/gokvkit/stream.go:24.87,26.52 2 2
github.com/autom8ter/gokvkit/stream.go:34.2,34.16 1 2
github.com/autom8ter/gokvkit/stream.go:26.52,27.105 1 2
github.com/autom8ter/gokvkit/stream.go:31.3,32.13 2 1
github.com/autom8ter/gokvkit/stream.go:27.105,30.4 2 6
github.com/autom8ter/gokvkit/db.go:27.112,29.16 2 25
github.com/autom8ter/gokvkit/db.go:32.2,39.25 2 25
github.com/autom8ter/gokvkit/db.go:42.2,42.32 1 25
github.com/autom8ter/gokvkit/db.go:47.2,47.70 1 25
github.com/autom8ter/gokvkit/db.go:50.2,50.15 1 25
github.com/autom8ter/gokvkit/db.go:29.16,31.3 1 0
github.com/autom8ter/gokvkit/db.go:39.25,41.3 1 0
github.com/autom8ter/gokvkit/db.go:42.32,43.39 1 0
github.com/autom8ter/gokvkit/db.go:43.39,45.4 1 0
github.com/autom8ter/gokvkit/db.go:47.70,49.3 1 0
github.com/autom8ter/gokvkit/db.go:53.46,59.2 1 526
github.com/autom8ter/gokvkit/db.go:61.77,65.16 4 526
github.com/autom8ter/gokvkit/db.go:69.2,69.39 1 426
github.com/autom8ter/gokvkit/db.go:73.2,73.12 1 426
github.com/autom8ter/gokvkit/db.go:65.16,68.3 2 100
github.com/autom8ter/gokvkit/db.go:69.39,72.3 2 0
github.com/autom8ter/gokvkit/db.go:76.88,81.68 2 302
github.com/autom8ter/gokvkit/db.go:87.2,87.22 1 202
github.com/autom8ter/gokvkit/db.go:81.68,84.3 2 302
github.com/autom8ter/gokvkit/db.go:84.17,86.3 1 100
github.com/autom8ter/gokvkit/db.go:90.103,92.68 2 0
github.com/autom8ter/gokvkit/db.go:104.2,104.23 1 0
github.com/autom8ter/gokvkit/db.go:92.68,93.26 1 0
github.com/autom8ter/gokvkit/db.go:100.3,100.13 1 0
github.com/autom8ter/gokvkit/db.go:93.26,95.18 2 0
github.com/autom8ter/gokvkit/db.go:98.4,98.43 1 0
github.com/autom8ter/gokvkit/db.go:95.18,97.5 1 0
github.com/autom8ter/gokvkit/db.go:101.17,103.3 1 0
github.com/autom8ter/gokvkit/db.go:107.94,112.68 2 15
github.com/autom8ter/gokvkit/db.go:118.2,118.18 1 15
github.com/autom8ter/gokvkit/db.go:112.68,115.3 2 15
github.com/autom8ter/gokvkit/db.go:115.17,117.3 1 0
github.com/autom8ter/gokvkit/db.go:121.125,126.68 2 6
github.com/autom8ter/gokvkit/db.go:132.2,132.20 1 6
github.com/autom8ter/gokvkit/db.go:126.68,129.3 2 6
github.com/autom8ter/gokvkit/db.go:129.17,131.3 1 0
github.com/autom8ter/gokvkit/db.go:135.82,136.75 1 0
github.com/autom8ter/gokvkit/db.go:139.2,139.66 1 0
github.com/autom8ter/gokvkit/db.go:142.2,142.12 1 0
github.com/autom8ter/gokvkit/db.go:136.75,138.3 1 0
github.com/autom8ter/gokvkit/db.go:139.66,141.3 1 0
github.com/autom8ter/gokvkit/db.go:145.98,147.16 2 100
github.com/autom8ter/gokvkit/db.go:150.2,155.16 6 100
github.com/autom8ter/gokvkit/db.go:158.2,159.16 2 100
github.com/autom8ter/gokvkit/db.go:162.2,164.67 2 100
github.com/autom8ter/gokvkit/db.go:168.2,170.21 3 100
github.com/autom8ter/gokvkit/db.go:181.2,181.39 1 100
github.com/autom8ter/gokvkit/db.go:189.2,189.41 1 100
github.com/autom8ter/gokvkit/db.go:194.2,194.35 1 100
github.com/autom8ter/gokvkit/db.go:199.2,199.67 1 100
github.com/autom8ter/gokvkit/db.go:202.2,202.12 1 100
github.com/autom8ter/gokvkit/db.go:147.16,149.3 1 0
github.com/autom8ter/gokvkit/db.go:155.16,157.3 1 0
github.com/autom8ter/gokvkit/db.go:159.16,161.3 1 0
github.com/autom8ter/gokvkit/db.go:164.67,166.3 1 0
github.com/autom8ter/gokvkit/db.go:170.21,172.17 2 0
github.com/autom8ter/gokvkit/db.go:172.17,174.4 1 0
github.com/autom8ter/gokvkit/db.go:175.8,177.17 2 100
github.com/autom8ter/gokvkit/db.go:177.17,179.4 1 0
github.com/autom8ter/gokvkit/db.go:181.39,182.77 1 0
github.com/autom8ter/gokvkit/db.go:185.3,185.74 1 0
github.com/autom8ter/gokvkit/db.go:182.77,184.4 1 0
github.com/autom8ter/gokvkit/db.go:185.74,187.4 1 0
github.com/autom8ter/gokvkit/db.go:189.41,190.79 1 0
github.com/autom8ter/gokvkit/db.go:190.79,192.4 1 0
github.com/autom8ter/gokvkit/db.go:194.35,195.73 1 0
github.com/autom8ter/gokvkit/db.go:195.73,197.4 1 0
github.com/autom8ter/gokvkit/db.go:199.67,201.3 1 0
github.com/autom8ter/gokvkit/db.go:205.63,208.25 3 0
github.com/autom8ter/gokvkit/db.go:211.2,211.14 1 0
github.com/autom8ter/gokvkit/db.go:208.25,210.3 1 0
github.com/autom8ter/gokvkit/db.go:214.80,216.2 1 13500
github.com/autom8ter/gokvkit/db.go:218.88,220.2 1 23683
github.com/autom8ter/gokvkit/db.go:222.94,223.60 1 1
github.com/autom8ter/gokvkit/db.go:226.2,226.42 1 1
github.com/autom8ter/gokvkit/db.go:223.60,225.3 1 0
github.com/autom8ter/gokvkit/db.go:229.35,231.2 1 0
github.com/autom8ter/gokvkit/db.go:233.54,235.2 1 25
