mode: atomic
github.com/autom8ter/gokvkit/errors/errors.go:28.32,31.2 2 4
github.com/autom8ter/gokvkit/errors/errors.go:34.38,39.2 1 2
github.com/autom8ter/gokvkit/errors/errors.go:42.32,43.16 1 5
github.com/autom8ter/gokvkit/errors/errors.go:46.2,47.9 2 5
github.com/autom8ter/gokvkit/errors/errors.go:54.2,54.10 1 5
github.com/autom8ter/gokvkit/errors/errors.go:43.16,45.3 1 0
github.com/autom8ter/gokvkit/errors/errors.go:47.9,53.3 1 0
github.com/autom8ter/gokvkit/errors/errors.go:58.52,62.15 2 4
github.com/autom8ter/gokvkit/errors/errors.go:65.2,65.10 1 4
github.com/autom8ter/gokvkit/errors/errors.go:62.15,64.3 1 4
github.com/autom8ter/gokvkit/errors/errors.go:69.64,70.16 1 5
github.com/autom8ter/gokvkit/errors/errors.go:73.2,74.8 2 4
github.com/autom8ter/gokvkit/errors/errors.go:70.16,72.3 1 1
github.com/autom8ter/gokvkit/errors/errors.go:74.8,75.16 1 3
github.com/autom8ter/gokvkit/errors/errors.go:78.3,78.18 1 3
github.com/autom8ter/gokvkit/errors/errors.go:81.3,81.15 1 3
github.com/autom8ter/gokvkit/errors/errors.go:84.3,84.11 1 3
github.com/autom8ter/gokvkit/errors/errors.go:75.16,77.4 1 0
github.com/autom8ter/gokvkit/errors/errors.go:78.18,80.4 1 3
github.com/autom8ter/gokvkit/errors/errors.go:81.15,83.4 1 3
github.com/autom8ter/gokvkit/errors/errors.go:85.8,90.16 2 1
github.com/autom8ter/gokvkit/errors/errors.go:93.3,93.11 1 1
github.com/autom8ter/gokvkit/errors/errors.go:90.16,92.4 1 0
github.com/autom8ter/gokvkit/kv/kvutil/util.go:4.39,8.39 4 1
github.com/autom8ter/gokvkit/kv/kvutil/util.go:14.2,14.13 1 1
github.com/autom8ter/gokvkit/kv/kvutil/util.go:17.2,17.12 1 1
github.com/autom8ter/gokvkit/kv/kvutil/util.go:8.39,10.18 2 1
github.com/autom8ter/gokvkit/kv/kvutil/util.go:10.18,11.9 1 1
github.com/autom8ter/gokvkit/kv/kvutil/util.go:14.13,16.3 1 0
github.com/autom8ter/gokvkit/httpapi/openapi.go:40.119,41.19 1 0
github.com/autom8ter/gokvkit/httpapi/openapi.go:44.2,55.36 5 0
github.com/autom8ter/gokvkit/httpapi/openapi.go:73.2,73.15 1 0
github.com/autom8ter/gokvkit/httpapi/openapi.go:41.19,43.3 1 0
github.com/autom8ter/gokvkit/httpapi/openapi.go:55.36,72.3 11 0
github.com/autom8ter/gokvkit/httpapi/openapi.go:76.42,78.2 1 0
github.com/autom8ter/gokvkit/httpapi/openapi.go:80.48,82.16 2 0
github.com/autom8ter/gokvkit/httpapi/openapi.go:85.2,87.32 3 0
github.com/autom8ter/gokvkit/httpapi/openapi.go:94.2,101.16 3 0
github.com/autom8ter/gokvkit/httpapi/openapi.go:104.2,104.25 1 0
github.com/autom8ter/gokvkit/httpapi/openapi.go:82.16,84.3 1 0
github.com/autom8ter/gokvkit/httpapi/openapi.go:87.32,93.3 2 0
github.com/autom8ter/gokvkit/httpapi/openapi.go:101.16,103.3 1 0
github.com/autom8ter/gokvkit/httpapi/openapi.go:108.48,110.2 1 0
github.com/autom8ter/gokvkit/httpapi/openapi.go:113.68,115.22 2 0
github.com/autom8ter/gokvkit/httpapi/openapi.go:118.2,120.12 3 0
github.com/autom8ter/gokvkit/httpapi/openapi.go:115.22,117.3 1 0
github.com/autom8ter/gokvkit/httpapi/openapi.go:123.36,127.2 3 0
github.com/autom8ter/gokvkit/kv/badger/badger.go:10.13,11.81 1 1
github.com/autom8ter/gokvkit/kv/badger/badger.go:11.81,13.3 1 0
github.com/autom8ter/gokvkit/kv/badger/badger.go:20.46,22.23 2 1
github.com/autom8ter/gokvkit/kv/badger/badger.go:27.2,29.16 3 1
github.com/autom8ter/gokvkit/kv/badger/badger.go:32.2,32.31 1 1
github.com/autom8ter/gokvkit/kv/badger/badger.go:22.23,26.3 3 1
github.com/autom8ter/gokvkit/kv/badger/badger.go:29.16,31.3 1 0
github.com/autom8ter/gokvkit/kv/badger/badger.go:35.66,36.14 1 6
github.com/autom8ter/gokvkit/kv/badger/badger.go:41.2,41.47 1 4
github.com/autom8ter/gokvkit/kv/badger/badger.go:36.14,37.50 1 2
github.com/autom8ter/gokvkit/kv/badger/badger.go:37.50,39.4 1 2
github.com/autom8ter/gokvkit/kv/badger/badger.go:41.47,43.3 1 4
github.com/autom8ter/gokvkit/kv/badger/badger.go:46.47,48.2 1 0
github.com/autom8ter/gokvkit/kv/badger/badger.go:50.40,52.2 1 3
github.com/autom8ter/gokvkit/kv/badger/badger.go:54.34,55.36 1 0
github.com/autom8ter/gokvkit/kv/badger/badger.go:58.2,58.21 1 0
github.com/autom8ter/gokvkit/kv/badger/badger.go:55.36,57.3 1 0
github.com/autom8ter/gokvkit/kv/badger/badger.go:61.55,63.2 1 0
github.com/autom8ter/gokvkit/kv/badger/batch.go:9.52,11.2 1 20
github.com/autom8ter/gokvkit/kv/badger/batch.go:13.48,15.2 1 10
github.com/autom8ter/gokvkit/kv/badger/batch.go:17.37,19.2 1 3
github.com/autom8ter/gokvkit/kv/badger/item.go:8.28,10.2 1 10
github.com/autom8ter/gokvkit/kv/badger/item.go:12.39,14.2 1 10
github.com/autom8ter/gokvkit/kv/badger/iter.go:13.43,15.2 1 0
github.com/autom8ter/gokvkit/kv/badger/iter.go:17.34,19.2 1 1
github.com/autom8ter/gokvkit/kv/badger/iter.go:21.39,22.26 1 11
github.com/autom8ter/gokvkit/kv/badger/iter.go:25.2,25.23 1 11
github.com/autom8ter/gokvkit/kv/badger/iter.go:22.26,24.3 1 0
github.com/autom8ter/gokvkit/kv/badger/iter.go:28.41,31.33 1 10
github.com/autom8ter/gokvkit/kv/badger/iter.go:31.33,33.4 1 10
github.com/autom8ter/gokvkit/kv/badger/iter.go:37.33,39.2 1 10
github.com/autom8ter/gokvkit/kv/badger/tx.go:13.63,19.40 6 1
github.com/autom8ter/gokvkit/kv/badger/tx.go:22.2,24.49 3 1
github.com/autom8ter/gokvkit/kv/badger/tx.go:19.40,21.3 1 0
github.com/autom8ter/gokvkit/kv/badger/tx.go:27.52,29.16 2 40
github.com/autom8ter/gokvkit/kv/badger/tx.go:32.2,33.17 2 20
github.com/autom8ter/gokvkit/kv/badger/tx.go:29.16,31.3 1 20
github.com/autom8ter/gokvkit/kv/badger/tx.go:36.49,38.2 1 10
github.com/autom8ter/gokvkit/kv/badger/tx.go:40.45,42.2 1 10
github.com/autom8ter/gokvkit/kv/badger/tx.go:44.31,46.2 1 0
github.com/autom8ter/gokvkit/kv/badger/tx.go:48.35,50.2 1 0
github.com/autom8ter/gokvkit/kv/badger/tx.go:52.28,54.2 1 0
github.com/autom8ter/gokvkit/util/util.go:17.36,19.2 1 2
github.com/autom8ter/gokvkit/util/util.go:22.42,30.16 3 1
github.com/autom8ter/gokvkit/util/util.go:33.2,33.30 1 1
github.com/autom8ter/gokvkit/util/util.go:30.16,32.3 1 0
github.com/autom8ter/gokvkit/util/util.go:37.35,40.2 2 3
github.com/autom8ter/gokvkit/util/util.go:42.41,43.18 1 14
github.com/autom8ter/gokvkit/util/util.go:46.2,46.31 1 12
github.com/autom8ter/gokvkit/util/util.go:43.18,45.3 1 2
github.com/autom8ter/gokvkit/util/util.go:47.12,48.48 1 2
github.com/autom8ter/gokvkit/util/util.go:49.14,50.23 1 6
github.com/autom8ter/gokvkit/util/util.go:51.67,54.13 3 2
github.com/autom8ter/gokvkit/util/util.go:55.10,56.45 1 2
github.com/autom8ter/gokvkit/util/util.go:60.71,62.22 2 3
github.com/autom8ter/gokvkit/util/util.go:70.2,70.12 1 3
github.com/autom8ter/gokvkit/util/util.go:62.22,63.25 1 15
github.com/autom8ter/gokvkit/util/util.go:64.36,65.39 1 2
github.com/autom8ter/gokvkit/util/util.go:66.11,67.26 1 13
github.com/autom8ter/gokvkit/util/util.go:73.53,75.59 2 1
github.com/autom8ter/gokvkit/util/util.go:78.2,79.16 2 1
github.com/autom8ter/gokvkit/util/util.go:82.2,82.25 1 1
github.com/autom8ter/gokvkit/util/util.go:75.59,77.3 1 0
github.com/autom8ter/gokvkit/util/util.go:79.16,81.3 1 0
github.com/autom8ter/gokvkit/util/util.go:85.53,87.59 2 1
github.com/autom8ter/gokvkit/util/util.go:90.2,91.16 2 1
github.com/autom8ter/gokvkit/util/util.go:94.2,94.25 1 1
github.com/autom8ter/gokvkit/util/util.go:87.59,89.3 1 0
github.com/autom8ter/gokvkit/util/util.go:91.16,93.3 1 0
github.com/autom8ter/gokvkit/builder.go:9.38,11.2 1 1
github.com/autom8ter/gokvkit/builder.go:14.38,16.2 1 1
github.com/autom8ter/gokvkit/builder.go:19.63,22.2 2 1
github.com/autom8ter/gokvkit/builder.go:25.60,28.2 2 1
github.com/autom8ter/gokvkit/builder.go:31.61,34.2 2 1
github.com/autom8ter/gokvkit/builder.go:37.55,40.2 2 1
github.com/autom8ter/gokvkit/builder.go:43.53,46.2 2 0
github.com/autom8ter/gokvkit/builder.go:49.64,52.2 2 1
github.com/autom8ter/gokvkit/cdc.go:27.54,29.2 1 0
github.com/autom8ter/gokvkit/document.go:23.54,25.16 2 0
github.com/autom8ter/gokvkit/document.go:28.2,29.12 2 0
github.com/autom8ter/gokvkit/document.go:25.16,27.3 1 0
github.com/autom8ter/gokvkit/document.go:33.50,35.2 1 3
github.com/autom8ter/gokvkit/document.go:38.30,43.2 2 5
github.com/autom8ter/gokvkit/document.go:46.59,47.29 1 127
github.com/autom8ter/gokvkit/document.go:50.2,53.16 2 127
github.com/autom8ter/gokvkit/document.go:56.2,56.15 1 126
github.com/autom8ter/gokvkit/document.go:47.29,49.3 1 0
github.com/autom8ter/gokvkit/document.go:53.16,55.3 1 1
github.com/autom8ter/gokvkit/document.go:60.52,63.16 3 126
github.com/autom8ter/gokvkit/document.go:66.2,66.35 1 126
github.com/autom8ter/gokvkit/document.go:63.16,65.3 1 0
github.com/autom8ter/gokvkit/document.go:70.33,72.2 1 133
github.com/autom8ter/gokvkit/document.go:75.36,77.2 1 12
github.com/autom8ter/gokvkit/document.go:80.35,82.2 1 141
github.com/autom8ter/gokvkit/document.go:85.43,87.2 1 2
github.com/autom8ter/gokvkit/document.go:90.38,93.2 2 2
github.com/autom8ter/gokvkit/document.go:96.42,98.2 1 4680
github.com/autom8ter/gokvkit/document.go:101.51,103.2 1 3
github.com/autom8ter/gokvkit/document.go:106.47,108.2 1 1
github.com/autom8ter/gokvkit/document.go:111.51,113.2 1 611
github.com/autom8ter/gokvkit/document.go:116.49,118.2 1 0
github.com/autom8ter/gokvkit/document.go:121.53,125.2 1 105
github.com/autom8ter/gokvkit/document.go:127.53,132.27 2 112
github.com/autom8ter/gokvkit/document.go:140.2,140.16 1 112
github.com/autom8ter/gokvkit/document.go:143.2,143.26 1 112
github.com/autom8ter/gokvkit/document.go:146.2,147.12 2 112
github.com/autom8ter/gokvkit/document.go:133.20,134.60 1 0
github.com/autom8ter/gokvkit/document.go:135.14,136.63 1 0
github.com/autom8ter/gokvkit/document.go:137.10,138.52 1 112
github.com/autom8ter/gokvkit/document.go:140.16,142.3 1 0
github.com/autom8ter/gokvkit/document.go:143.26,145.3 1 0
github.com/autom8ter/gokvkit/document.go:151.56,153.27 2 108
github.com/autom8ter/gokvkit/document.go:159.2,159.12 1 108
github.com/autom8ter/gokvkit/document.go:153.27,155.17 2 112
github.com/autom8ter/gokvkit/document.go:155.17,157.4 1 0
github.com/autom8ter/gokvkit/document.go:163.48,164.19 1 1
github.com/autom8ter/gokvkit/document.go:167.2,169.16 3 1
github.com/autom8ter/gokvkit/document.go:172.2,172.28 1 1
github.com/autom8ter/gokvkit/document.go:164.19,166.3 1 0
github.com/autom8ter/gokvkit/document.go:169.16,171.3 1 0
github.com/autom8ter/gokvkit/document.go:176.44,178.2 1 1
github.com/autom8ter/gokvkit/document.go:181.51,182.31 1 1
github.com/autom8ter/gokvkit/document.go:189.2,189.12 1 1
github.com/autom8ter/gokvkit/document.go:182.31,184.17 2 1
github.com/autom8ter/gokvkit/document.go:187.3,187.33 1 1
github.com/autom8ter/gokvkit/document.go:184.17,186.4 1 0
github.com/autom8ter/gokvkit/document.go:193.56,195.27 2 14
github.com/autom8ter/gokvkit/document.go:302.2,302.18 1 10
github.com/autom8ter/gokvkit/document.go:195.27,201.15 2 14
github.com/autom8ter/gokvkit/document.go:202.18,203.52 1 2
github.com/autom8ter/gokvkit/document.go:206.4,206.33 1 2
github.com/autom8ter/gokvkit/document.go:210.19,211.52 1 1
github.com/autom8ter/gokvkit/document.go:214.4,214.33 1 1
github.com/autom8ter/gokvkit/document.go:217.18,218.62 1 2
github.com/autom8ter/gokvkit/document.go:221.4,221.54 1 2
github.com/autom8ter/gokvkit/document.go:224.19,225.61 1 2
github.com/autom8ter/gokvkit/document.go:228.4,228.53 1 2
github.com/autom8ter/gokvkit/document.go:231.18,232.62 1 1
github.com/autom8ter/gokvkit/document.go:235.4,235.54 1 1
github.com/autom8ter/gokvkit/document.go:238.19,239.61 1 3
github.com/autom8ter/gokvkit/document.go:242.4,242.53 1 3
github.com/autom8ter/gokvkit/document.go:245.18,250.32 5 1
github.com/autom8ter/gokvkit/document.go:255.4,255.14 1 1
github.com/autom8ter/gokvkit/document.go:259.24,261.39 2 1
github.com/autom8ter/gokvkit/document.go:284.27,286.50 2 0
github.com/autom8ter/gokvkit/document.go:291.27,293.50 2 0
github.com/autom8ter/gokvkit/document.go:298.11,299.79 1 1
github.com/autom8ter/gokvkit/document.go:203.52,205.5 1 0
github.com/autom8ter/gokvkit/document.go:206.33,208.5 1 1
github.com/autom8ter/gokvkit/document.go:211.52,213.5 1 0
github.com/autom8ter/gokvkit/document.go:214.33,216.5 1 0
github.com/autom8ter/gokvkit/document.go:218.62,220.5 1 0
github.com/autom8ter/gokvkit/document.go:221.54,223.5 1 1
github.com/autom8ter/gokvkit/document.go:225.61,227.5 1 0
github.com/autom8ter/gokvkit/document.go:228.53,230.5 1 0
github.com/autom8ter/gokvkit/document.go:232.62,234.5 1 0
github.com/autom8ter/gokvkit/document.go:235.54,237.5 1 0
github.com/autom8ter/gokvkit/document.go:239.61,241.5 1 0
github.com/autom8ter/gokvkit/document.go:242.53,244.5 1 1
github.com/autom8ter/gokvkit/document.go:250.32,251.33 1 1
github.com/autom8ter/gokvkit/document.go:251.33,253.6 1 1
github.com/autom8ter/gokvkit/document.go:255.14,257.5 1 0
github.com/autom8ter/gokvkit/document.go:262.16,263.53 1 0
github.com/autom8ter/gokvkit/document.go:266.19,267.56 1 0
github.com/autom8ter/gokvkit/document.go:270.18,271.55 1 0
github.com/autom8ter/gokvkit/document.go:274.16,275.60 1 1
github.com/autom8ter/gokvkit/document.go:278.12,279.79 1 0
github.com/autom8ter/gokvkit/document.go:263.53,265.6 1 0
github.com/autom8ter/gokvkit/document.go:267.56,269.6 1 0
github.com/autom8ter/gokvkit/document.go:271.55,273.6 1 0
github.com/autom8ter/gokvkit/document.go:275.60,277.6 1 0
github.com/autom8ter/gokvkit/document.go:279.79,281.6 1 0
github.com/autom8ter/gokvkit/document.go:286.50,287.34 1 0
github.com/autom8ter/gokvkit/document.go:287.34,289.6 1 0
github.com/autom8ter/gokvkit/document.go:293.50,294.33 1 0
github.com/autom8ter/gokvkit/document.go:294.33,296.6 1 0
github.com/autom8ter/gokvkit/document.go:306.42,308.2 1 1
github.com/autom8ter/gokvkit/document.go:311.46,313.16 2 0
github.com/autom8ter/gokvkit/document.go:316.2,316.12 1 0
github.com/autom8ter/gokvkit/document.go:313.16,315.3 1 0
github.com/autom8ter/gokvkit/document.go:323.60,325.2 1 1
github.com/autom8ter/gokvkit/document.go:328.93,330.2 1 1
github.com/autom8ter/gokvkit/document.go:333.85,335.2 1 0
github.com/autom8ter/gokvkit/document.go:338.68,340.2 1 2
github.com/autom8ter/gokvkit/hooks.go:20.34,21.18 1 0
github.com/autom8ter/gokvkit/hooks.go:24.2,24.19 1 0
github.com/autom8ter/gokvkit/hooks.go:27.2,27.12 1 0
github.com/autom8ter/gokvkit/hooks.go:21.18,23.3 1 0
github.com/autom8ter/gokvkit/hooks.go:24.19,26.3 1 0
github.com/autom8ter/gokvkit/hooks.go:37.32,38.18 1 0
github.com/autom8ter/gokvkit/hooks.go:41.2,41.19 1 0
github.com/autom8ter/gokvkit/hooks.go:44.2,44.12 1 0
github.com/autom8ter/gokvkit/hooks.go:38.18,40.3 1 0
github.com/autom8ter/gokvkit/hooks.go:41.19,43.3 1 0
github.com/autom8ter/gokvkit/hooks.go:54.31,55.18 1 0
github.com/autom8ter/gokvkit/hooks.go:58.2,58.19 1 0
github.com/autom8ter/gokvkit/hooks.go:61.2,61.12 1 0
github.com/autom8ter/gokvkit/hooks.go:55.18,57.3 1 0
github.com/autom8ter/gokvkit/hooks.go:58.19,60.3 1 0
github.com/autom8ter/gokvkit/hooks.go:71.31,72.18 1 0
github.com/autom8ter/gokvkit/hooks.go:75.2,75.19 1 0
github.com/autom8ter/gokvkit/hooks.go:78.2,78.12 1 0
github.com/autom8ter/gokvkit/hooks.go:72.18,74.3 1 0
github.com/autom8ter/gokvkit/hooks.go:75.19,77.3 1 0
github.com/autom8ter/gokvkit/hooks.go:90.33,91.18 1 0
github.com/autom8ter/gokvkit/hooks.go:94.2,94.19 1 0
github.com/autom8ter/gokvkit/hooks.go:97.2,97.12 1 0
github.com/autom8ter/gokvkit/hooks.go:91.18,93.3 1 0
github.com/autom8ter/gokvkit/hooks.go:94.19,96.3 1 0
github.com/autom8ter/gokvkit/hooks.go:109.35,110.18 1 0
github.com/autom8ter/gokvkit/hooks.go:113.2,113.19 1 0
github.com/autom8ter/gokvkit/hooks.go:116.2,116.12 1 0
github.com/autom8ter/gokvkit/hooks.go:110.18,112.3 1 0
github.com/autom8ter/gokvkit/hooks.go:113.19,115.3 1 0
github.com/autom8ter/gokvkit/optimizer.go:17.93,18.39 1 6
github.com/autom8ter/gokvkit/optimizer.go:21.2,22.23 2 6
github.com/autom8ter/gokvkit/optimizer.go:25.2,30.21 2 6
github.com/autom8ter/gokvkit/optimizer.go:33.2,33.78 1 6
github.com/autom8ter/gokvkit/optimizer.go:40.2,43.32 2 5
github.com/autom8ter/gokvkit/optimizer.go:65.2,65.30 1 5
github.com/autom8ter/gokvkit/optimizer.go:69.2,69.33 1 1
github.com/autom8ter/gokvkit/optimizer.go:18.39,20.3 1 0
github.com/autom8ter/gokvkit/optimizer.go:22.23,24.3 1 0
github.com/autom8ter/gokvkit/optimizer.go:30.21,32.3 1 0
github.com/autom8ter/gokvkit/optimizer.go:33.78,39.3 1 1
github.com/autom8ter/gokvkit/optimizer.go:43.32,44.29 1 25
github.com/autom8ter/gokvkit/optimizer.go:47.3,47.23 1 25
github.com/autom8ter/gokvkit/optimizer.go:50.3,51.38 2 25
github.com/autom8ter/gokvkit/optimizer.go:58.3,60.49 2 25
github.com/autom8ter/gokvkit/optimizer.go:44.29,45.12 1 0
github.com/autom8ter/gokvkit/optimizer.go:47.23,48.12 1 0
github.com/autom8ter/gokvkit/optimizer.go:51.38,52.22 1 30
github.com/autom8ter/gokvkit/optimizer.go:52.22,53.60 1 27
github.com/autom8ter/gokvkit/optimizer.go:53.60,55.6 1 7
github.com/autom8ter/gokvkit/optimizer.go:60.49,63.4 2 14
github.com/autom8ter/gokvkit/optimizer.go:65.30,68.3 2 4
github.com/autom8ter/gokvkit/optimizer.go:72.75,75.27 3 5
github.com/autom8ter/gokvkit/optimizer.go:84.2,84.20 1 5
github.com/autom8ter/gokvkit/optimizer.go:75.27,76.27 1 6
github.com/autom8ter/gokvkit/optimizer.go:76.27,77.41 1 9
github.com/autom8ter/gokvkit/optimizer.go:80.4,81.34 2 6
github.com/autom8ter/gokvkit/optimizer.go:77.41,78.13 1 3
github.com/autom8ter/gokvkit/util.go:22.70,28.30 2 0
github.com/autom8ter/gokvkit/util.go:34.2,34.33 1 0
github.com/autom8ter/gokvkit/util.go:43.2,43.29 1 0
github.com/autom8ter/gokvkit/util.go:48.2,48.29 1 0
github.com/autom8ter/gokvkit/util.go:53.2,57.8 1 0
github.com/autom8ter/gokvkit/util.go:28.30,29.39 1 0
github.com/autom8ter/gokvkit/util.go:29.39,31.4 1 0
github.com/autom8ter/gokvkit/util.go:34.33,35.40 1 0
github.com/autom8ter/gokvkit/util.go:35.40,37.4 1 0
github.com/autom8ter/gokvkit/util.go:37.9,38.58 1 0
github.com/autom8ter/gokvkit/util.go:38.58,40.5 1 0
github.com/autom8ter/gokvkit/util.go:43.29,44.19 1 0
github.com/autom8ter/gokvkit/util.go:44.19,46.4 1 0
github.com/autom8ter/gokvkit/util.go:48.29,49.19 1 0
github.com/autom8ter/gokvkit/util.go:49.19,51.4 1 0
github.com/autom8ter/gokvkit/util.go:60.63,61.20 1 0
github.com/autom8ter/gokvkit/util.go:64.2,64.14 1 0
github.com/autom8ter/gokvkit/util.go:61.20,63.3 1 0
github.com/autom8ter/gokvkit/util.go:67.54,70.36 3 647
github.com/autom8ter/gokvkit/util.go:71.12,72.40 1 1
github.com/autom8ter/gokvkit/util.go:73.15,74.41 1 643
github.com/autom8ter/gokvkit/util.go:75.14,76.40 1 2
github.com/autom8ter/gokvkit/util.go:77.10,78.65 1 1
github.com/autom8ter/gokvkit/util.go:82.61,83.24 1 1
github.com/autom8ter/gokvkit/util.go:87.2,89.47 2 1
github.com/autom8ter/gokvkit/util.go:143.2,143.10 1 1
github.com/autom8ter/gokvkit/util.go:83.24,85.3 1 0
github.com/autom8ter/gokvkit/util.go:89.47,90.37 1 1
github.com/autom8ter/gokvkit/util.go:90.37,92.58 2 651
github.com/autom8ter/gokvkit/util.go:95.4,95.30 1 396
github.com/autom8ter/gokvkit/util.go:113.4,113.16 1 10
github.com/autom8ter/gokvkit/util.go:92.58,94.5 1 255
github.com/autom8ter/gokvkit/util.go:95.30,97.55 2 396
github.com/autom8ter/gokvkit/util.go:100.5,100.55 1 10
github.com/autom8ter/gokvkit/util.go:111.5,111.12 1 10
github.com/autom8ter/gokvkit/util.go:97.55,99.6 1 386
github.com/autom8ter/gokvkit/util.go:100.55,101.49 1 0
github.com/autom8ter/gokvkit/util.go:101.49,102.61 1 0
github.com/autom8ter/gokvkit/util.go:102.61,104.8 1 0
github.com/autom8ter/gokvkit/util.go:105.12,106.61 1 0
github.com/autom8ter/gokvkit/util.go:106.61,108.8 1 0
github.com/autom8ter/gokvkit/util.go:115.8,116.37 1 0
github.com/autom8ter/gokvkit/util.go:116.37,118.58 2 0
github.com/autom8ter/gokvkit/util.go:121.4,121.30 1 0
github.com/autom8ter/gokvkit/util.go:139.4,139.16 1 0
github.com/autom8ter/gokvkit/util.go:118.58,120.5 1 0
github.com/autom8ter/gokvkit/util.go:121.30,123.55 2 0
github.com/autom8ter/gokvkit/util.go:126.5,126.55 1 0
github.com/autom8ter/gokvkit/util.go:137.5,137.12 1 0
github.com/autom8ter/gokvkit/util.go:123.55,125.6 1 0
github.com/autom8ter/gokvkit/util.go:126.55,127.49 1 0
github.com/autom8ter/gokvkit/util.go:127.49,128.61 1 0
github.com/autom8ter/gokvkit/util.go:128.61,130.8 1 0
github.com/autom8ter/gokvkit/util.go:131.12,132.61 1 0
github.com/autom8ter/gokvkit/util.go:132.61,134.8 1 0
github.com/autom8ter/gokvkit/util.go:146.77,148.30 2 0
github.com/autom8ter/gokvkit/util.go:156.2,156.16 1 0
github.com/autom8ter/gokvkit/util.go:148.30,150.28 2 0
github.com/autom8ter/gokvkit/util.go:153.3,154.45 2 0
github.com/autom8ter/gokvkit/util.go:150.28,152.4 1 0
github.com/autom8ter/gokvkit/util.go:159.70,163.73 2 1
github.com/autom8ter/gokvkit/util.go:166.2,166.76 1 1
github.com/autom8ter/gokvkit/util.go:169.2,169.25 1 1
github.com/autom8ter/gokvkit/util.go:187.2,187.24 1 1
github.com/autom8ter/gokvkit/util.go:163.73,165.3 1 1
github.com/autom8ter/gokvkit/util.go:166.76,168.3 1 1
github.com/autom8ter/gokvkit/util.go:169.25,170.47 1 5
github.com/autom8ter/gokvkit/util.go:178.3,178.34 1 5
github.com/autom8ter/gokvkit/util.go:170.47,172.39 2 1
github.com/autom8ter/gokvkit/util.go:172.39,173.70 1 0
github.com/autom8ter/gokvkit/util.go:173.70,175.6 1 0
github.com/autom8ter/gokvkit/util.go:178.34,179.20 1 5
github.com/autom8ter/gokvkit/util.go:182.4,182.65 1 5
github.com/autom8ter/gokvkit/util.go:179.20,181.5 1 0
github.com/autom8ter/gokvkit/util.go:182.65,184.5 1 0
github.com/autom8ter/gokvkit/util.go:190.73,192.20 2 0
github.com/autom8ter/gokvkit/util.go:201.2,201.12 1 0
github.com/autom8ter/gokvkit/util.go:192.20,193.60 1 0
github.com/autom8ter/gokvkit/util.go:193.60,195.4 1 0
github.com/autom8ter/gokvkit/util.go:196.8,197.57 1 0
github.com/autom8ter/gokvkit/util.go:197.57,199.4 1 0
github.com/autom8ter/gokvkit/util.go:204.68,206.23 2 5
github.com/autom8ter/gokvkit/util.go:222.2,222.56 1 5
github.com/autom8ter/gokvkit/util.go:225.2,225.12 1 5
github.com/autom8ter/gokvkit/util.go:207.28,208.12 1 0
github.com/autom8ter/gokvkit/util.go:209.26,210.57 1 0
github.com/autom8ter/gokvkit/util.go:213.26,214.57 1 0
github.com/autom8ter/gokvkit/util.go:217.26,218.38 1 5
github.com/autom8ter/gokvkit/util.go:219.10,220.106 1 0
github.com/autom8ter/gokvkit/util.go:210.57,212.4 1 0
github.com/autom8ter/gokvkit/util.go:214.57,216.4 1 0
github.com/autom8ter/gokvkit/util.go:222.56,224.3 1 0
github.com/autom8ter/gokvkit/util.go:228.57,229.48 1 1
github.com/autom8ter/gokvkit/util.go:232.2,236.27 3 1
github.com/autom8ter/gokvkit/util.go:248.2,249.16 2 1
github.com/autom8ter/gokvkit/util.go:252.2,253.12 2 1
github.com/autom8ter/gokvkit/util.go:229.48,231.3 1 0
github.com/autom8ter/gokvkit/util.go:236.27,237.17 1 1
github.com/autom8ter/gokvkit/util.go:242.3,242.17 1 1
github.com/autom8ter/gokvkit/util.go:237.17,238.25 1 1
github.com/autom8ter/gokvkit/util.go:238.25,240.5 1 0
github.com/autom8ter/gokvkit/util.go:242.17,244.4 1 1
github.com/autom8ter/gokvkit/util.go:244.9,246.4 1 0
github.com/autom8ter/gokvkit/util.go:249.16,251.3 1 0
github.com/autom8ter/gokvkit/test_util.go:10.29,26.16 2 106
github.com/autom8ter/gokvkit/test_util.go:29.2,29.12 1 106
github.com/autom8ter/gokvkit/test_util.go:26.16,27.13 1 0
github.com/autom8ter/gokvkit/tx.go:58.57,59.34 1 0
github.com/autom8ter/gokvkit/tx.go:64.2,64.22 1 0
github.com/autom8ter/gokvkit/tx.go:59.34,60.40 1 0
github.com/autom8ter/gokvkit/tx.go:60.40,62.4 1 0
github.com/autom8ter/gokvkit/tx.go:67.53,68.36 1 0
github.com/autom8ter/gokvkit/tx.go:71.2,71.17 1 0
github.com/autom8ter/gokvkit/tx.go:68.36,70.3 1 0
github.com/autom8ter/gokvkit/tx.go:74.110,75.37 1 0
github.com/autom8ter/gokvkit/tx.go:78.2,79.16 2 0
github.com/autom8ter/gokvkit/tx.go:82.2,82.80 1 0
github.com/autom8ter/gokvkit/tx.go:85.2,92.17 2 0
github.com/autom8ter/gokvkit/tx.go:95.2,95.12 1 0
github.com/autom8ter/gokvkit/tx.go:75.37,77.3 1 0
github.com/autom8ter/gokvkit/tx.go:79.16,81.3 1 0
github.com/autom8ter/gokvkit/tx.go:82.80,84.3 1 0
github.com/autom8ter/gokvkit/tx.go:92.17,94.3 1 0
github.com/autom8ter/gokvkit/tx.go:98.106,99.37 1 0
github.com/autom8ter/gokvkit/tx.go:102.2,104.14 3 0
github.com/autom8ter/gokvkit/tx.go:111.2,118.17 2 0
github.com/autom8ter/gokvkit/tx.go:121.2,121.16 1 0
github.com/autom8ter/gokvkit/tx.go:99.37,101.3 1 0
github.com/autom8ter/gokvkit/tx.go:104.14,107.17 3 0
github.com/autom8ter/gokvkit/tx.go:107.17,109.4 1 0
github.com/autom8ter/gokvkit/tx.go:118.17,120.3 1 0
github.com/autom8ter/gokvkit/tx.go:124.93,125.37 1 0
github.com/autom8ter/gokvkit/tx.go:128.2,135.17 2 0
github.com/autom8ter/gokvkit/tx.go:138.2,138.12 1 0
github.com/autom8ter/gokvkit/tx.go:125.37,127.3 1 0
github.com/autom8ter/gokvkit/tx.go:135.17,137.3 1 0
github.com/autom8ter/gokvkit/tx.go:141.87,142.37 1 0
github.com/autom8ter/gokvkit/tx.go:145.2,155.17 3 0
github.com/autom8ter/gokvkit/tx.go:158.2,158.12 1 0
github.com/autom8ter/gokvkit/tx.go:142.37,144.3 1 0
github.com/autom8ter/gokvkit/tx.go:155.17,157.3 1 0
github.com/autom8ter/gokvkit/tx.go:161.96,162.44 1 0
github.com/autom8ter/gokvkit/tx.go:165.2,165.25 1 0
github.com/autom8ter/gokvkit/tx.go:168.2,172.37 4 0
github.com/autom8ter/gokvkit/tx.go:175.2,177.90 3 0
github.com/autom8ter/gokvkit/tx.go:185.2,185.16 1 0
github.com/autom8ter/gokvkit/tx.go:188.2,190.51 2 0
github.com/autom8ter/gokvkit/tx.go:193.2,193.51 1 0
github.com/autom8ter/gokvkit/tx.go:197.2,197.59 1 0
github.com/autom8ter/gokvkit/tx.go:205.2,213.8 1 0
github.com/autom8ter/gokvkit/tx.go:162.44,164.3 1 0
github.com/autom8ter/gokvkit/tx.go:165.25,167.3 1 0
github.com/autom8ter/gokvkit/tx.go:172.37,174.3 1 0
github.com/autom8ter/gokvkit/tx.go:177.90,179.99 2 0
github.com/autom8ter/gokvkit/tx.go:183.3,183.19 1 0
github.com/autom8ter/gokvkit/tx.go:179.99,182.4 2 0
github.com/autom8ter/gokvkit/tx.go:185.16,187.3 1 0
github.com/autom8ter/gokvkit/tx.go:190.51,192.3 1 0
github.com/autom8ter/gokvkit/tx.go:193.51,195.3 1 0
github.com/autom8ter/gokvkit/tx.go:197.59,198.34 1 0
github.com/autom8ter/gokvkit/tx.go:198.34,200.18 2 0
github.com/autom8ter/gokvkit/tx.go:200.18,202.5 1 0
github.com/autom8ter/gokvkit/tx.go:216.97,217.37 1 0
github.com/autom8ter/gokvkit/tx.go:220.2,227.16 6 0
github.com/autom8ter/gokvkit/tx.go:230.2,230.16 1 0
github.com/autom8ter/gokvkit/tx.go:233.2,234.16 2 0
github.com/autom8ter/gokvkit/tx.go:237.2,237.16 1 0
github.com/autom8ter/gokvkit/tx.go:240.2,241.16 2 0
github.com/autom8ter/gokvkit/tx.go:244.2,244.16 1 0
github.com/autom8ter/gokvkit/tx.go:247.2,247.17 1 0
github.com/autom8ter/gokvkit/tx.go:217.37,219.3 1 0
github.com/autom8ter/gokvkit/tx.go:227.16,229.3 1 0
github.com/autom8ter/gokvkit/tx.go:230.16,232.3 1 0
github.com/autom8ter/gokvkit/tx.go:234.16,236.3 1 0
github.com/autom8ter/gokvkit/tx.go:237.16,239.3 1 0
github.com/autom8ter/gokvkit/tx.go:241.16,243.3 1 0
github.com/autom8ter/gokvkit/tx.go:244.16,246.3 1 0
github.com/autom8ter/gokvkit/tx.go:251.100,252.37 1 0
github.com/autom8ter/gokvkit/tx.go:255.2,259.90 5 0
github.com/autom8ter/gokvkit/tx.go:263.2,263.16 1 0
github.com/autom8ter/gokvkit/tx.go:266.2,267.61 2 0
github.com/autom8ter/gokvkit/tx.go:274.2,275.39 2 0
github.com/autom8ter/gokvkit/tx.go:278.2,278.51 1 0
github.com/autom8ter/gokvkit/tx.go:281.2,289.8 1 0
github.com/autom8ter/gokvkit/tx.go:252.37,254.3 1 0
github.com/autom8ter/gokvkit/tx.go:259.90,262.3 2 0
github.com/autom8ter/gokvkit/tx.go:263.16,265.3 1 0
github.com/autom8ter/gokvkit/tx.go:267.61,269.17 2 0
github.com/autom8ter/gokvkit/tx.go:272.3,272.35 1 0
github.com/autom8ter/gokvkit/tx.go:269.17,271.4 1 0
github.com/autom8ter/gokvkit/tx.go:275.39,277.3 1 0
github.com/autom8ter/gokvkit/tx.go:278.51,280.3 1 0
github.com/autom8ter/gokvkit/tx.go:292.124,293.37 1 0
github.com/autom8ter/gokvkit/tx.go:296.2,296.48 1 0
github.com/autom8ter/gokvkit/tx.go:293.37,295.3 1 0
github.com/autom8ter/gokvkit/tx.go:299.50,301.2 1 0
github.com/autom8ter/gokvkit/tx_util.go:17.135,18.19 1 0
github.com/autom8ter/gokvkit/tx_util.go:21.2,25.16 4 0
github.com/autom8ter/gokvkit/tx_util.go:28.2,29.16 2 0
github.com/autom8ter/gokvkit/tx_util.go:32.2,32.55 1 0
github.com/autom8ter/gokvkit/tx_util.go:35.2,37.61 1 0
github.com/autom8ter/gokvkit/tx_util.go:40.2,40.12 1 0
github.com/autom8ter/gokvkit/tx_util.go:18.19,20.3 1 0
github.com/autom8ter/gokvkit/tx_util.go:25.16,27.3 1 0
github.com/autom8ter/gokvkit/tx_util.go:29.16,31.3 1 0
github.com/autom8ter/gokvkit/tx_util.go:32.55,34.3 1 0
github.com/autom8ter/gokvkit/tx_util.go:37.61,39.3 1 0
github.com/autom8ter/gokvkit/tx_util.go:43.99,44.17 1 0
github.com/autom8ter/gokvkit/tx_util.go:47.2,50.46 2 0
github.com/autom8ter/gokvkit/tx_util.go:53.2,53.12 1 0
github.com/autom8ter/gokvkit/tx_util.go:44.17,46.3 1 0
github.com/autom8ter/gokvkit/tx_util.go:50.46,52.3 1 0
github.com/autom8ter/gokvkit/tx_util.go:56.103,59.65 3 0
github.com/autom8ter/gokvkit/tx_util.go:62.2,62.66 1 0
github.com/autom8ter/gokvkit/tx_util.go:65.2,67.72 1 0
github.com/autom8ter/gokvkit/tx_util.go:70.2,70.12 1 0
github.com/autom8ter/gokvkit/tx_util.go:59.65,61.3 1 0
github.com/autom8ter/gokvkit/tx_util.go:62.66,64.3 1 0
github.com/autom8ter/gokvkit/tx_util.go:67.72,69.3 1 0
github.com/autom8ter/gokvkit/tx_util.go:73.114,74.17 1 0
github.com/autom8ter/gokvkit/tx_util.go:77.2,77.66 1 0
github.com/autom8ter/gokvkit/tx_util.go:80.2,83.72 2 0
github.com/autom8ter/gokvkit/tx_util.go:86.2,86.12 1 0
github.com/autom8ter/gokvkit/tx_util.go:74.17,76.3 1 0
github.com/autom8ter/gokvkit/tx_util.go:77.66,79.3 1 0
github.com/autom8ter/gokvkit/tx_util.go:83.72,85.3 1 0
github.com/autom8ter/gokvkit/tx_util.go:89.97,91.14 2 0
github.com/autom8ter/gokvkit/tx_util.go:94.2,95.32 2 0
github.com/autom8ter/gokvkit/tx_util.go:98.2,98.29 1 0
github.com/autom8ter/gokvkit/tx_util.go:102.2,102.43 1 0
github.com/autom8ter/gokvkit/tx_util.go:105.2,106.38 2 0
github.com/autom8ter/gokvkit/tx_util.go:117.2,117.67 1 0
github.com/autom8ter/gokvkit/tx_util.go:121.2,121.24 1 0
github.com/autom8ter/gokvkit/tx_util.go:139.2,139.72 1 0
github.com/autom8ter/gokvkit/tx_util.go:147.2,147.68 1 0
github.com/autom8ter/gokvkit/tx_util.go:150.2,150.45 1 0
github.com/autom8ter/gokvkit/tx_util.go:179.2,179.12 1 0
github.com/autom8ter/gokvkit/tx_util.go:91.14,93.3 1 0
github.com/autom8ter/gokvkit/tx_util.go:95.32,97.3 1 0
github.com/autom8ter/gokvkit/tx_util.go:98.29,101.3 2 0
github.com/autom8ter/gokvkit/tx_util.go:102.43,104.3 1 0
github.com/autom8ter/gokvkit/tx_util.go:106.38,107.73 1 0
github.com/autom8ter/gokvkit/tx_util.go:115.3,115.13 1 0
github.com/autom8ter/gokvkit/tx_util.go:107.73,108.17 1 0
github.com/autom8ter/gokvkit/tx_util.go:111.4,111.81 1 0
github.com/autom8ter/gokvkit/tx_util.go:108.17,109.13 1 0
github.com/autom8ter/gokvkit/tx_util.go:111.81,113.5 1 0
github.com/autom8ter/gokvkit/tx_util.go:117.67,119.3 1 0
github.com/autom8ter/gokvkit/tx_util.go:122.14,123.74 1 0
github.com/autom8ter/gokvkit/tx_util.go:126.14,127.59 1 0
github.com/autom8ter/gokvkit/tx_util.go:130.14,131.57 1 0
github.com/autom8ter/gokvkit/tx_util.go:134.11,135.63 1 0
github.com/autom8ter/gokvkit/tx_util.go:123.74,125.4 1 0
github.com/autom8ter/gokvkit/tx_util.go:127.59,129.4 1 0
github.com/autom8ter/gokvkit/tx_util.go:131.57,133.4 1 0
github.com/autom8ter/gokvkit/tx_util.go:135.63,137.4 1 0
github.com/autom8ter/gokvkit/tx_util.go:139.72,140.16 1 0
github.com/autom8ter/gokvkit/tx_util.go:143.3,143.80 1 0
github.com/autom8ter/gokvkit/tx_util.go:140.16,141.12 1 0
github.com/autom8ter/gokvkit/tx_util.go:143.80,145.4 1 0
github.com/autom8ter/gokvkit/tx_util.go:147.68,149.3 1 0
github.com/autom8ter/gokvkit/tx_util.go:150.45,160.20 2 0
github.com/autom8ter/gokvkit/tx_util.go:167.3,168.17 2 0
github.com/autom8ter/gokvkit/tx_util.go:171.3,177.5 1 0
github.com/autom8ter/gokvkit/tx_util.go:160.20,162.18 2 0
github.com/autom8ter/gokvkit/tx_util.go:165.4,165.19 1 0
github.com/autom8ter/gokvkit/tx_util.go:162.18,164.5 1 0
github.com/autom8ter/gokvkit/tx_util.go:168.17,170.4 1 0
github.com/autom8ter/gokvkit/tx_util.go:182.132,183.17 1 0
github.com/autom8ter/gokvkit/tx_util.go:186.2,186.24 1 0
github.com/autom8ter/gokvkit/tx_util.go:246.2,246.12 1 0
github.com/autom8ter/gokvkit/tx_util.go:183.17,185.3 1 0
github.com/autom8ter/gokvkit/tx_util.go:187.14,188.118 1 0
github.com/autom8ter/gokvkit/tx_util.go:197.27,198.20 1 0
github.com/autom8ter/gokvkit/tx_util.go:209.3,209.60 1 0
github.com/autom8ter/gokvkit/tx_util.go:236.3,236.140 1 0
github.com/autom8ter/gokvkit/tx_util.go:188.118,196.4 1 0
github.com/autom8ter/gokvkit/tx_util.go:198.20,199.119 1 0
github.com/autom8ter/gokvkit/tx_util.go:199.119,207.5 1 0
github.com/autom8ter/gokvkit/tx_util.go:209.60,210.53 1 0
github.com/autom8ter/gokvkit/tx_util.go:210.53,215.20 3 0
github.com/autom8ter/gokvkit/tx_util.go:224.5,224.15 1 0
github.com/autom8ter/gokvkit/tx_util.go:215.20,219.29 4 0
github.com/autom8ter/gokvkit/tx_util.go:222.6,222.15 1 0
github.com/autom8ter/gokvkit/tx_util.go:219.29,221.7 1 0
github.com/autom8ter/gokvkit/tx_util.go:225.19,233.5 1 0
github.com/autom8ter/gokvkit/tx_util.go:236.140,244.4 1 0
github.com/autom8ter/gokvkit/tx_util.go:249.111,251.60 2 0
github.com/autom8ter/gokvkit/tx_util.go:257.2,257.19 1 0
github.com/autom8ter/gokvkit/tx_util.go:251.60,253.17 2 0
github.com/autom8ter/gokvkit/tx_util.go:253.17,255.4 1 0
github.com/autom8ter/gokvkit/tx_util.go:260.112,262.58 2 0
github.com/autom8ter/gokvkit/tx_util.go:268.2,268.17 1 0
github.com/autom8ter/gokvkit/tx_util.go:262.58,264.17 2 0
github.com/autom8ter/gokvkit/tx_util.go:264.17,266.4 1 0
github.com/autom8ter/gokvkit/tx_util.go:271.106,272.71 1 0
github.com/autom8ter/gokvkit/tx_util.go:279.2,279.12 1 0
github.com/autom8ter/gokvkit/tx_util.go:272.71,273.34 1 0
github.com/autom8ter/gokvkit/tx_util.go:273.34,274.60 1 0
github.com/autom8ter/gokvkit/tx_util.go:274.60,276.5 1 0
github.com/autom8ter/gokvkit/tx_util.go:282.126,283.15 1 0
github.com/autom8ter/gokvkit/tx_util.go:286.2,286.37 1 0
github.com/autom8ter/gokvkit/tx_util.go:289.2,291.16 3 0
github.com/autom8ter/gokvkit/tx_util.go:294.2,297.16 4 0
github.com/autom8ter/gokvkit/tx_util.go:301.2,309.17 5 0
github.com/autom8ter/gokvkit/tx_util.go:350.2,350.26 1 0
github.com/autom8ter/gokvkit/tx_util.go:283.15,285.3 1 0
github.com/autom8ter/gokvkit/tx_util.go:286.37,288.3 1 0
github.com/autom8ter/gokvkit/tx_util.go:291.16,293.3 1 0
github.com/autom8ter/gokvkit/tx_util.go:297.16,299.3 1 0
github.com/autom8ter/gokvkit/tx_util.go:309.17,313.33 3 0
github.com/autom8ter/gokvkit/tx_util.go:331.3,332.17 2 0
github.com/autom8ter/gokvkit/tx_util.go:335.3,335.11 1 0
github.com/autom8ter/gokvkit/tx_util.go:348.3,348.12 1 0
github.com/autom8ter/gokvkit/tx_util.go:313.33,315.18 2 0
github.com/autom8ter/gokvkit/tx_util.go:318.4,319.18 2 0
github.com/autom8ter/gokvkit/tx_util.go:315.18,317.5 1 0
github.com/autom8ter/gokvkit/tx_util.go:319.18,321.5 1 0
github.com/autom8ter/gokvkit/tx_util.go:322.9,326.18 4 0
github.com/autom8ter/gokvkit/tx_util.go:326.18,328.5 1 0
github.com/autom8ter/gokvkit/tx_util.go:332.17,334.4 1 0
github.com/autom8ter/gokvkit/tx_util.go:335.11,337.18 2 0
github.com/autom8ter/gokvkit/tx_util.go:340.4,341.18 2 0
github.com/autom8ter/gokvkit/tx_util.go:344.4,344.23 1 0
github.com/autom8ter/gokvkit/tx_util.go:337.18,339.5 1 0
github.com/autom8ter/gokvkit/tx_util.go:341.18,343.5 1 0
github.com/autom8ter/gokvkit/tx_util.go:344.23,346.5 1 0
github.com/autom8ter/gokvkit/db_util.go:7.87,9.61 2 0
github.com/autom8ter/gokvkit/db_util.go:15.2,15.16 1 0
github.com/autom8ter/gokvkit/db_util.go:9.61,10.19 1 0
github.com/autom8ter/gokvkit/db_util.go:13.3,13.22 1 0
github.com/autom8ter/gokvkit/db_util.go:10.19,11.12 1 0
github.com/autom8ter/gokvkit/model.go:67.52,68.48 1 10
github.com/autom8ter/gokvkit/model.go:71.2,71.24 1 2
github.com/autom8ter/gokvkit/model.go:74.2,75.29 2 2
github.com/autom8ter/gokvkit/model.go:83.2,83.17 1 2
github.com/autom8ter/gokvkit/model.go:99.2,99.12 1 1
github.com/autom8ter/gokvkit/model.go:68.48,70.3 1 8
github.com/autom8ter/gokvkit/model.go:71.24,73.3 1 0
github.com/autom8ter/gokvkit/model.go:75.29,76.20 1 2
github.com/autom8ter/gokvkit/model.go:79.3,79.24 1 2
github.com/autom8ter/gokvkit/model.go:76.20,78.4 1 0
github.com/autom8ter/gokvkit/model.go:79.24,81.4 1 2
github.com/autom8ter/gokvkit/model.go:83.17,84.30 1 2
github.com/autom8ter/gokvkit/model.go:91.3,91.31 1 2
github.com/autom8ter/gokvkit/model.go:84.30,85.25 1 2
github.com/autom8ter/gokvkit/model.go:85.25,86.41 1 0
github.com/autom8ter/gokvkit/model.go:86.41,88.6 1 0
github.com/autom8ter/gokvkit/model.go:91.31,92.60 1 1
github.com/autom8ter/gokvkit/model.go:92.60,94.5 1 1
github.com/autom8ter/gokvkit/model.go:94.7,96.5 1 1
github.com/autom8ter/gokvkit/model.go:102.35,103.29 1 0
github.com/autom8ter/gokvkit/model.go:108.2,108.14 1 0
github.com/autom8ter/gokvkit/model.go:103.29,104.24 1 0
github.com/autom8ter/gokvkit/model.go:104.24,106.4 1 0
github.com/autom8ter/gokvkit/model.go:123.49,125.17 2 1
github.com/autom8ter/gokvkit/model.go:128.2,128.10 1 1
github.com/autom8ter/gokvkit/model.go:125.17,127.3 1 1
github.com/autom8ter/gokvkit/model.go:132.36,135.2 2 1
github.com/autom8ter/gokvkit/model.go:138.50,140.2 1 2
github.com/autom8ter/gokvkit/model.go:143.54,145.53 2 1
github.com/autom8ter/gokvkit/model.go:148.2,149.12 2 1
github.com/autom8ter/gokvkit/model.go:145.53,147.3 1 0
github.com/autom8ter/gokvkit/model.go:153.48,154.25 1 29
github.com/autom8ter/gokvkit/model.go:154.25,156.3 1 29
github.com/autom8ter/gokvkit/model.go:160.47,164.2 1 27
github.com/autom8ter/gokvkit/model.go:167.36,169.2 1 1
github.com/autom8ter/gokvkit/model.go:172.48,174.2 1 3
github.com/autom8ter/gokvkit/model.go:177.44,180.2 2 2
github.com/autom8ter/gokvkit/model.go:183.41,185.41 2 3
github.com/autom8ter/gokvkit/model.go:189.2,189.13 1 3
github.com/autom8ter/gokvkit/model.go:185.41,188.3 2 3
github.com/autom8ter/gokvkit/model.go:193.67,195.2 1 14
github.com/autom8ter/gokvkit/model.go:198.57,200.8 2 15
github.com/autom8ter/gokvkit/model.go:203.2,203.27 1 14
github.com/autom8ter/gokvkit/model.go:200.8,202.3 1 1
github.com/autom8ter/gokvkit/model.go:260.36,262.2 1 0
github.com/autom8ter/gokvkit/model.go:279.33,281.2 1 33
github.com/autom8ter/gokvkit/opts.go:7.54,8.21 1 0
github.com/autom8ter/gokvkit/opts.go:8.21,10.3 1 0
github.com/autom8ter/gokvkit/opts.go:14.62,15.21 1 0
github.com/autom8ter/gokvkit/opts.go:15.21,17.3 1 0
github.com/autom8ter/gokvkit/opts.go:21.56,22.21 1 0
github.com/autom8ter/gokvkit/opts.go:22.21,24.3 1 0
github.com/autom8ter/gokvkit/opts.go:28.48,29.21 1 0
github.com/autom8ter/gokvkit/opts.go:29.21,31.3 1 0
github.com/autom8ter/gokvkit/opts.go:35.47,36.21 1 0
github.com/autom8ter/gokvkit/opts.go:36.21,38.3 1 0
github.com/autom8ter/gokvkit/opts.go:42.53,43.21 1 0
github.com/autom8ter/gokvkit/opts.go:43.21,45.3 1 0
github.com/autom8ter/gokvkit/opts.go:49.39,50.21 1 0
github.com/autom8ter/gokvkit/opts.go:50.21,52.3 1 0
github.com/autom8ter/gokvkit/opts.go:56.59,57.21 1 0
github.com/autom8ter/gokvkit/opts.go:57.21,59.3 1 0
github.com/autom8ter/gokvkit/cache.go:25.55,26.17 1 66
github.com/autom8ter/gokvkit/cache.go:29.2,31.3 1 66
github.com/autom8ter/gokvkit/cache.go:26.17,28.3 1 0
github.com/autom8ter/gokvkit/cache.go:40.41,44.2 3 11
github.com/autom8ter/gokvkit/cache.go:46.47,51.2 4 21
github.com/autom8ter/gokvkit/cache.go:53.48,56.19 3 10
github.com/autom8ter/gokvkit/cache.go:59.2,59.21 1 10
github.com/autom8ter/gokvkit/cache.go:56.19,58.3 1 0
github.com/autom8ter/gokvkit/cache.go:62.57,65.19 3 1
github.com/autom8ter/gokvkit/cache.go:68.2,68.31 1 1
github.com/autom8ter/gokvkit/cache.go:65.19,67.3 1 0
github.com/autom8ter/gokvkit/cache.go:71.39,75.2 3 10
github.com/autom8ter/gokvkit/cache.go:77.60,80.29 3 27
github.com/autom8ter/gokvkit/cache.go:80.29,81.18 1 10
github.com/autom8ter/gokvkit/cache.go:81.18,82.9 1 0
github.com/autom8ter/gokvkit/cache.go:87.44,89.41 2 0
github.com/autom8ter/gokvkit/cache.go:93.2,93.13 1 0
github.com/autom8ter/gokvkit/cache.go:89.41,92.3 2 0
github.com/autom8ter/gokvkit/db.go:50.42,52.2 1 13
github.com/autom8ter/gokvkit/db.go:55.71,57.16 2 13
github.com/autom8ter/gokvkit/db.go:60.2,72.25 2 13
github.com/autom8ter/gokvkit/db.go:75.2,75.47 1 13
github.com/autom8ter/gokvkit/db.go:78.2,78.52 1 13
github.com/autom8ter/gokvkit/db.go:84.2,84.70 1 13
github.com/autom8ter/gokvkit/db.go:87.2,87.12 1 0
github.com/autom8ter/gokvkit/db.go:101.2,101.15 1 0
github.com/autom8ter/gokvkit/db.go:57.16,59.3 1 0
github.com/autom8ter/gokvkit/db.go:72.25,74.3 1 0
github.com/autom8ter/gokvkit/db.go:75.47,77.3 1 0
github.com/autom8ter/gokvkit/db.go:78.52,79.39 1 0
github.com/autom8ter/gokvkit/db.go:82.3,82.14 1 0
github.com/autom8ter/gokvkit/db.go:79.39,81.4 1 0
github.com/autom8ter/gokvkit/db.go:84.70,86.3 1 13
github.com/autom8ter/gokvkit/db.go:87.12,92.7 5 0
github.com/autom8ter/gokvkit/db.go:92.7,93.11 1 0
github.com/autom8ter/gokvkit/db.go:94.22,95.11 1 0
github.com/autom8ter/gokvkit/db.go:96.20,97.27 1 0
github.com/autom8ter/gokvkit/db.go:105.39,111.2 1 0
github.com/autom8ter/gokvkit/db.go:116.70,120.16 4 0
github.com/autom8ter/gokvkit/db.go:124.2,124.39 1 0
github.com/autom8ter/gokvkit/db.go:128.2,128.12 1 0
github.com/autom8ter/gokvkit/db.go:120.16,123.3 2 0
github.com/autom8ter/gokvkit/db.go:124.39,127.3 2 0
github.com/autom8ter/gokvkit/db.go:132.81,137.68 2 0
github.com/autom8ter/gokvkit/db.go:143.2,143.22 1 0
github.com/autom8ter/gokvkit/db.go:137.68,140.3 2 0
github.com/autom8ter/gokvkit/db.go:140.17,142.3 1 0
github.com/autom8ter/gokvkit/db.go:147.96,149.68 2 0
github.com/autom8ter/gokvkit/db.go:161.2,161.23 1 0
github.com/autom8ter/gokvkit/db.go:149.68,150.26 1 0
github.com/autom8ter/gokvkit/db.go:157.3,157.13 1 0
github.com/autom8ter/gokvkit/db.go:150.26,152.18 2 0
github.com/autom8ter/gokvkit/db.go:155.4,155.43 1 0
github.com/autom8ter/gokvkit/db.go:152.18,154.5 1 0
github.com/autom8ter/gokvkit/db.go:158.17,160.3 1 0
github.com/autom8ter/gokvkit/db.go:165.87,170.68 2 0
github.com/autom8ter/gokvkit/db.go:176.2,176.18 1 0
github.com/autom8ter/gokvkit/db.go:170.68,173.3 2 0
github.com/autom8ter/gokvkit/db.go:173.17,175.3 1 0
github.com/autom8ter/gokvkit/db.go:182.115,187.68 2 0
github.com/autom8ter/gokvkit/db.go:193.2,193.20 1 0
github.com/autom8ter/gokvkit/db.go:187.68,190.3 2 0
github.com/autom8ter/gokvkit/db.go:190.17,192.3 1 0
github.com/autom8ter/gokvkit/db.go:197.75,198.70 1 0
github.com/autom8ter/gokvkit/db.go:201.2,201.61 1 0
github.com/autom8ter/gokvkit/db.go:204.2,204.12 1 0
github.com/autom8ter/gokvkit/db.go:198.70,200.3 1 0
github.com/autom8ter/gokvkit/db.go:201.61,203.3 1 0
github.com/autom8ter/gokvkit/db.go:208.91,214.16 6 13
github.com/autom8ter/gokvkit/db.go:218.2,218.62 1 0
github.com/autom8ter/gokvkit/db.go:222.2,224.21 3 0
github.com/autom8ter/gokvkit/db.go:235.2,235.39 1 0
github.com/autom8ter/gokvkit/db.go:243.2,243.41 1 0
github.com/autom8ter/gokvkit/db.go:248.2,248.35 1 0
github.com/autom8ter/gokvkit/db.go:253.2,253.62 1 0
github.com/autom8ter/gokvkit/db.go:256.2,256.12 1 0
github.com/autom8ter/gokvkit/db.go:214.16,216.3 1 13
github.com/autom8ter/gokvkit/db.go:218.62,220.3 1 0
github.com/autom8ter/gokvkit/db.go:224.21,226.17 2 0
github.com/autom8ter/gokvkit/db.go:226.17,228.4 1 0
github.com/autom8ter/gokvkit/db.go:229.8,231.17 2 0
github.com/autom8ter/gokvkit/db.go:231.17,233.4 1 0
github.com/autom8ter/gokvkit/db.go:235.39,236.77 1 0
github.com/autom8ter/gokvkit/db.go:239.3,239.74 1 0
github.com/autom8ter/gokvkit/db.go:236.77,238.4 1 0
github.com/autom8ter/gokvkit/db.go:239.74,241.4 1 0
github.com/autom8ter/gokvkit/db.go:243.41,244.79 1 0
github.com/autom8ter/gokvkit/db.go:244.79,246.4 1 0
github.com/autom8ter/gokvkit/db.go:248.35,249.73 1 0
github.com/autom8ter/gokvkit/db.go:249.73,251.4 1 0
github.com/autom8ter/gokvkit/db.go:253.62,255.3 1 0
github.com/autom8ter/gokvkit/db.go:260.37,262.64 2 0
github.com/autom8ter/gokvkit/db.go:266.2,266.14 1 0
github.com/autom8ter/gokvkit/db.go:262.64,265.3 2 0
github.com/autom8ter/gokvkit/db.go:270.52,272.2 1 0
github.com/autom8ter/gokvkit/db.go:275.60,277.2 1 0
github.com/autom8ter/gokvkit/db.go:280.47,282.2 1 0
github.com/autom8ter/gokvkit/indexing.go:14.82,15.22 1 0
github.com/autom8ter/gokvkit/indexing.go:18.2,18.69 1 0
github.com/autom8ter/gokvkit/indexing.go:21.2,23.78 3 0
github.com/autom8ter/gokvkit/indexing.go:27.2,27.16 1 0
github.com/autom8ter/gokvkit/indexing.go:30.2,33.20 4 0
github.com/autom8ter/gokvkit/indexing.go:49.2,50.78 2 0
github.com/autom8ter/gokvkit/indexing.go:54.2,54.12 1 0
github.com/autom8ter/gokvkit/indexing.go:15.22,17.3 1 0
github.com/autom8ter/gokvkit/indexing.go:18.69,20.3 1 0
github.com/autom8ter/gokvkit/indexing.go:23.78,26.3 2 0
github.com/autom8ter/gokvkit/indexing.go:27.16,29.3 1 0
github.com/autom8ter/gokvkit/indexing.go:33.20,34.68 1 0
github.com/autom8ter/gokvkit/indexing.go:34.68,35.96 1 0
github.com/autom8ter/gokvkit/indexing.go:41.4,41.18 1 0
github.com/autom8ter/gokvkit/indexing.go:44.4,44.14 1 0
github.com/autom8ter/gokvkit/indexing.go:35.96,36.72 1 0
github.com/autom8ter/gokvkit/indexing.go:39.5,39.21 1 0
github.com/autom8ter/gokvkit/indexing.go:36.72,38.6 1 0
github.com/autom8ter/gokvkit/indexing.go:41.18,43.5 1 0
github.com/autom8ter/gokvkit/indexing.go:45.18,47.4 1 0
github.com/autom8ter/gokvkit/indexing.go:50.78,53.3 2 0
github.com/autom8ter/gokvkit/indexing.go:57.85,59.69 2 0
github.com/autom8ter/gokvkit/indexing.go:62.2,62.78 1 0
github.com/autom8ter/gokvkit/indexing.go:66.2,66.16 1 0
github.com/autom8ter/gokvkit/indexing.go:69.2,72.77 4 0
github.com/autom8ter/gokvkit/indexing.go:75.2,75.12 1 0
github.com/autom8ter/gokvkit/indexing.go:59.69,61.3 1 0
github.com/autom8ter/gokvkit/indexing.go:62.78,65.3 2 0
github.com/autom8ter/gokvkit/indexing.go:66.16,68.3 1 0
github.com/autom8ter/gokvkit/indexing.go:72.77,74.3 1 0
github.com/autom8ter/gokvkit/indexing.go:78.66,79.47 1 0
github.com/autom8ter/gokvkit/indexing.go:92.2,93.12 2 0
github.com/autom8ter/gokvkit/indexing.go:79.47,81.17 2 0
github.com/autom8ter/gokvkit/indexing.go:84.3,85.17 2 0
github.com/autom8ter/gokvkit/indexing.go:88.3,88.13 1 0
github.com/autom8ter/gokvkit/indexing.go:81.17,83.4 1 0
github.com/autom8ter/gokvkit/indexing.go:85.17,87.4 1 0
github.com/autom8ter/gokvkit/indexing.go:89.17,91.3 1 0
github.com/autom8ter/gokvkit/indexing.go:96.62,97.47 1 0
github.com/autom8ter/gokvkit/indexing.go:106.2,107.12 2 0
github.com/autom8ter/gokvkit/indexing.go:97.47,99.17 2 0
github.com/autom8ter/gokvkit/indexing.go:102.3,102.13 1 0
github.com/autom8ter/gokvkit/indexing.go:99.17,101.4 1 0
github.com/autom8ter/gokvkit/indexing.go:103.17,105.3 1 0
github.com/autom8ter/gokvkit/indexing.go:110.41,112.48 2 13
github.com/autom8ter/gokvkit/indexing.go:138.2,139.64 2 13
github.com/autom8ter/gokvkit/indexing.go:145.2,145.31 1 13
github.com/autom8ter/gokvkit/indexing.go:148.2,148.12 1 13
github.com/autom8ter/gokvkit/indexing.go:112.48,117.17 3 13
github.com/autom8ter/gokvkit/indexing.go:134.3,134.13 1 13
github.com/autom8ter/gokvkit/indexing.go:117.17,121.18 3 0
github.com/autom8ter/gokvkit/indexing.go:124.4,124.21 1 0
github.com/autom8ter/gokvkit/indexing.go:132.4,132.12 1 0
github.com/autom8ter/gokvkit/indexing.go:121.18,123.5 1 0
github.com/autom8ter/gokvkit/indexing.go:124.21,126.19 2 0
github.com/autom8ter/gokvkit/indexing.go:129.5,130.45 2 0
github.com/autom8ter/gokvkit/indexing.go:126.19,128.6 1 0
github.com/autom8ter/gokvkit/indexing.go:135.17,137.3 1 0
github.com/autom8ter/gokvkit/indexing.go:139.64,140.34 1 0
github.com/autom8ter/gokvkit/indexing.go:143.3,143.14 1 0
github.com/autom8ter/gokvkit/indexing.go:140.34,142.4 1 0
github.com/autom8ter/gokvkit/indexing.go:145.31,147.3 1 0
github.com/autom8ter/gokvkit/indexing.go:151.82,153.48 2 0
github.com/autom8ter/gokvkit/indexing.go:166.2,166.16 1 0
github.com/autom8ter/gokvkit/indexing.go:169.2,169.17 1 0
github.com/autom8ter/gokvkit/indexing.go:153.48,155.17 2 0
github.com/autom8ter/gokvkit/indexing.go:158.3,159.17 2 0
github.com/autom8ter/gokvkit/indexing.go:162.3,162.13 1 0
github.com/autom8ter/gokvkit/indexing.go:155.17,157.4 1 0
github.com/autom8ter/gokvkit/indexing.go:159.17,161.4 1 0
github.com/autom8ter/gokvkit/indexing.go:163.17,165.3 1 0
github.com/autom8ter/gokvkit/indexing.go:166.16,168.3 1 0
github.com/autom8ter/gokvkit/indexing.go:178.84,187.21 3 0
github.com/autom8ter/gokvkit/indexing.go:190.2,190.29 1 0
github.com/autom8ter/gokvkit/indexing.go:195.2,195.15 1 0
github.com/autom8ter/gokvkit/indexing.go:187.21,189.3 1 0
github.com/autom8ter/gokvkit/indexing.go:190.29,191.29 1 0
github.com/autom8ter/gokvkit/indexing.go:191.29,193.4 1 0
github.com/autom8ter/gokvkit/indexing.go:205.74,216.2 3 0
github.com/autom8ter/gokvkit/indexing.go:218.67,225.2 1 0
github.com/autom8ter/gokvkit/indexing.go:227.40,229.24 2 0
github.com/autom8ter/gokvkit/indexing.go:232.2,232.41 1 0
github.com/autom8ter/gokvkit/indexing.go:229.24,231.3 1 0
github.com/autom8ter/gokvkit/indexing.go:235.46,237.2 1 0
github.com/autom8ter/gokvkit/indexing.go:239.53,241.2 1 0
github.com/autom8ter/gokvkit/indexing.go:243.51,250.2 2 0
github.com/autom8ter/gokvkit/indexing.go:252.49,258.2 2 0
github.com/autom8ter/gokvkit/schema.go:49.72,50.27 1 20
github.com/autom8ter/gokvkit/schema.go:53.2,57.16 3 20
github.com/autom8ter/gokvkit/schema.go:60.2,60.60 1 20
github.com/autom8ter/gokvkit/schema.go:63.2,70.62 3 7
github.com/autom8ter/gokvkit/schema.go:84.2,84.16 1 7
github.com/autom8ter/gokvkit/schema.go:87.2,87.37 1 7
github.com/autom8ter/gokvkit/schema.go:90.2,90.15 1 7
github.com/autom8ter/gokvkit/schema.go:50.27,52.3 1 0
github.com/autom8ter/gokvkit/schema.go:57.16,59.3 1 0
github.com/autom8ter/gokvkit/schema.go:60.60,62.3 1 13
github.com/autom8ter/gokvkit/schema.go:70.62,73.17 3 26
github.com/autom8ter/gokvkit/schema.go:76.3,76.38 1 26
github.com/autom8ter/gokvkit/schema.go:79.3,79.16 1 26
github.com/autom8ter/gokvkit/schema.go:82.3,82.25 1 26
github.com/autom8ter/gokvkit/schema.go:73.17,75.4 1 0
github.com/autom8ter/gokvkit/schema.go:76.38,78.4 1 0
github.com/autom8ter/gokvkit/schema.go:79.16,81.4 1 7
github.com/autom8ter/gokvkit/schema.go:84.16,86.3 1 0
github.com/autom8ter/gokvkit/schema.go:87.37,89.3 1 0
github.com/autom8ter/gokvkit/schema.go:93.52,97.2 3 0
github.com/autom8ter/gokvkit/schema.go:99.48,103.2 3 1
github.com/autom8ter/gokvkit/schema.go:105.56,109.31 4 11
github.com/autom8ter/gokvkit/schema.go:112.2,112.10 1 11
github.com/autom8ter/gokvkit/schema.go:109.31,111.3 1 54
github.com/autom8ter/gokvkit/schema.go:115.56,116.41 1 7
github.com/autom8ter/gokvkit/schema.go:119.2,121.39 3 7
github.com/autom8ter/gokvkit/schema.go:124.2,125.16 2 5
github.com/autom8ter/gokvkit/schema.go:128.2,130.12 3 5
github.com/autom8ter/gokvkit/schema.go:116.41,118.3 1 0
github.com/autom8ter/gokvkit/schema.go:121.39,123.3 1 2
github.com/autom8ter/gokvkit/schema.go:125.16,127.3 1 0
github.com/autom8ter/gokvkit/schema.go:133.56,136.33 3 2
github.com/autom8ter/gokvkit/schema.go:139.2,140.16 2 1
github.com/autom8ter/gokvkit/schema.go:143.2,145.12 3 1
github.com/autom8ter/gokvkit/schema.go:136.33,138.3 1 1
github.com/autom8ter/gokvkit/schema.go:140.16,142.3 1 0
github.com/autom8ter/gokvkit/schema.go:148.87,152.16 4 2
github.com/autom8ter/gokvkit/schema.go:155.2,155.36 1 2
github.com/autom8ter/gokvkit/schema.go:158.2,158.12 1 1
github.com/autom8ter/gokvkit/schema.go:152.16,154.3 1 0
github.com/autom8ter/gokvkit/schema.go:155.36,157.3 1 1
github.com/autom8ter/gokvkit/schema.go:161.48,163.22 2 3
github.com/autom8ter/gokvkit/schema.go:166.2,166.18 1 3
github.com/autom8ter/gokvkit/schema.go:163.22,165.3 1 0
github.com/autom8ter/gokvkit/schema.go:169.64,170.16 1 0
github.com/autom8ter/gokvkit/schema.go:173.2,173.38 1 0
github.com/autom8ter/gokvkit/schema.go:170.16,172.3 1 0
github.com/autom8ter/gokvkit/schema.go:176.74,179.2 2 0
github.com/autom8ter/gokvkit/schema.go:181.53,183.2 1 0
github.com/autom8ter/gokvkit/schema.go:185.49,187.2 1 24
